# Logfile created on 2020-06-13 17:40:29 -0400 by logger.rb/66358
D, [2020-06-13T17:40:29.929931 #14036] DEBUG -- : REQUESTING PAGE: GET / with {} and HTTP headers {}
D, [2020-06-13T17:41:19.343570 #11888] DEBUG -- : REQUESTING PAGE: GET / with {} and HTTP headers {}
D, [2020-06-13T17:43:40.531963 #6896] DEBUG -- : REQUESTING PAGE: GET / with {} and HTTP headers {}
D, [2020-06-13T17:45:27.383874 #6100] DEBUG -- : REQUESTING PAGE: GET / with {} and HTTP headers {}
D, [2020-06-13T17:45:27.681051 #6100] DEBUG -- : REQUESTING PAGE: GET /tipoDePartida with {} and HTTP headers {"HTTP_REFERER"=>"/"}
D, [2020-06-13T17:47:16.772145 #4388] DEBUG -- : REQUESTING PAGE: GET / with {} and HTTP headers {}
D, [2020-06-13T17:47:17.038160 #4388] DEBUG -- : REQUESTING PAGE: GET /tipoDePartida with {} and HTTP headers {"HTTP_REFERER"=>"/"}
D, [2020-06-13T17:47:17.110187 #4388] DEBUG -- : REQUESTING PAGE: GET /escogerDificultad with {} and HTTP headers {"HTTP_REFERER"=>"/tipoDePartida"}
D, [2020-06-13T17:49:10.653048 #11828] DEBUG -- : REQUESTING PAGE: GET / with {} and HTTP headers {}
D, [2020-06-13T17:49:57.590832 #10260] DEBUG -- : REQUESTING PAGE: GET / with {} and HTTP headers {}
D, [2020-06-13T17:50:34.245234 #12656] DEBUG -- : REQUESTING PAGE: GET / with {} and HTTP headers {}
D, [2020-06-13T17:50:34.493782 #12656] DEBUG -- : REQUESTING PAGE: GET /tipoDePartida with {} and HTTP headers {"HTTP_REFERER"=>"/"}
D, [2020-06-13T17:50:34.537173 #12656] DEBUG -- : REQUESTING PAGE: GET /escogerDificultad with {} and HTTP headers {"HTTP_REFERER"=>"/tipoDePartida"}
D, [2020-06-13T17:50:34.609122 #12656] DEBUG -- : REQUESTING PAGE: GET /ingresarCodigo with {"dificultad"=>"6"} and HTTP headers {"HTTP_REFERER"=>"/escogerDificultad"}
D, [2020-06-13T17:51:05.076189 #11924] DEBUG -- : REQUESTING PAGE: GET / with {} and HTTP headers {}
D, [2020-06-13T17:51:05.314928 #11924] DEBUG -- : REQUESTING PAGE: GET /tipoDePartida with {} and HTTP headers {"HTTP_REFERER"=>"/"}
D, [2020-06-13T17:51:05.387045 #11924] DEBUG -- : REQUESTING PAGE: GET /escogerDificultad with {} and HTTP headers {"HTTP_REFERER"=>"/tipoDePartida"}
D, [2020-06-13T17:51:05.439765 #11924] DEBUG -- : REQUESTING PAGE: GET /ingresarCodigo with {"dificultad"=>"6"} and HTTP headers {"HTTP_REFERER"=>"/escogerDificultad"}
D, [2020-06-13T17:51:47.499738 #14308] DEBUG -- : REQUESTING PAGE: GET / with {} and HTTP headers {}
D, [2020-06-13T17:51:47.747983 #14308] DEBUG -- : REQUESTING PAGE: GET /tipoDePartida with {} and HTTP headers {"HTTP_REFERER"=>"/"}
D, [2020-06-13T17:51:47.819918 #14308] DEBUG -- : REQUESTING PAGE: GET /escogerDificultad with {} and HTTP headers {"HTTP_REFERER"=>"/tipoDePartida"}
D, [2020-06-13T17:51:47.873105 #14308] DEBUG -- : REQUESTING PAGE: GET /ingresarCodigo with {"dificultad"=>"6"} and HTTP headers {"HTTP_REFERER"=>"/escogerDificultad"}
D, [2020-06-13T17:51:48.370409 #14308] DEBUG -- : REQUESTING PAGE: GET / with {} and HTTP headers {}
D, [2020-06-13T17:51:48.436740 #14308] DEBUG -- : REQUESTING PAGE: GET /tipoDePartida with {} and HTTP headers {"HTTP_REFERER"=>"/"}
D, [2020-06-13T17:51:48.496026 #14308] DEBUG -- : REQUESTING PAGE: GET /escogerDificultad with {} and HTTP headers {"HTTP_REFERER"=>"/tipoDePartida"}
D, [2020-06-13T17:51:48.552071 #14308] DEBUG -- : REQUESTING PAGE: GET /ingresarCodigo with {"dificultad"=>"4"} and HTTP headers {"HTTP_REFERER"=>"/escogerDificultad"}
D, [2020-06-13T17:52:34.667231 #2896] DEBUG -- : REQUESTING PAGE: GET / with {} and HTTP headers {}
D, [2020-06-13T17:52:34.899343 #2896] DEBUG -- : REQUESTING PAGE: GET /tipoDePartida with {} and HTTP headers {"HTTP_REFERER"=>"/"}
D, [2020-06-13T17:52:34.938412 #2896] DEBUG -- : REQUESTING PAGE: GET /escogerDificultad with {} and HTTP headers {"HTTP_REFERER"=>"/tipoDePartida"}
D, [2020-06-13T17:52:35.024122 #2896] DEBUG -- : REQUESTING PAGE: GET /ingresarCodigo with {"dificultad"=>"6"} and HTTP headers {"HTTP_REFERER"=>"/escogerDificultad"}
D, [2020-06-13T17:52:35.405086 #2896] DEBUG -- : REQUESTING PAGE: GET / with {} and HTTP headers {}
D, [2020-06-13T17:52:35.480767 #2896] DEBUG -- : REQUESTING PAGE: GET /tipoDePartida with {} and HTTP headers {"HTTP_REFERER"=>"/"}
D, [2020-06-13T17:52:35.540252 #2896] DEBUG -- : REQUESTING PAGE: GET /escogerDificultad with {} and HTTP headers {"HTTP_REFERER"=>"/tipoDePartida"}
D, [2020-06-13T17:52:35.622742 #2896] DEBUG -- : REQUESTING PAGE: GET /ingresarCodigo with {"dificultad"=>"4"} and HTTP headers {"HTTP_REFERER"=>"/escogerDificultad"}
D, [2020-06-13T17:52:35.856532 #2896] DEBUG -- : REQUESTING PAGE: GET / with {} and HTTP headers {}
D, [2020-06-13T17:52:36.035514 #2896] DEBUG -- : REQUESTING PAGE: GET /tipoDePartida with {} and HTTP headers {"HTTP_REFERER"=>"/"}
D, [2020-06-13T17:52:36.134382 #2896] DEBUG -- : REQUESTING PAGE: GET /escogerDificultad with {} and HTTP headers {"HTTP_REFERER"=>"/tipoDePartida"}
D, [2020-06-13T17:52:36.221827 #2896] DEBUG -- : REQUESTING PAGE: GET /ingresarCodigo with {"dificultad"=>"8"} and HTTP headers {"HTTP_REFERER"=>"/escogerDificultad"}
D, [2020-06-13T17:52:54.341686 #9748] DEBUG -- : REQUESTING PAGE: GET / with {} and HTTP headers {}
D, [2020-06-13T17:52:54.553920 #9748] DEBUG -- : REQUESTING PAGE: GET /tipoDePartida with {} and HTTP headers {"HTTP_REFERER"=>"/"}
D, [2020-06-13T17:52:54.638270 #9748] DEBUG -- : REQUESTING PAGE: GET /escogerDificultad with {} and HTTP headers {"HTTP_REFERER"=>"/tipoDePartida"}
D, [2020-06-13T17:52:54.716761 #9748] DEBUG -- : REQUESTING PAGE: GET /ingresarCodigo with {"dificultad"=>"6"} and HTTP headers {"HTTP_REFERER"=>"/escogerDificultad"}
D, [2020-06-13T17:52:55.146579 #9748] DEBUG -- : REQUESTING PAGE: GET / with {} and HTTP headers {}
D, [2020-06-13T17:52:55.202518 #9748] DEBUG -- : REQUESTING PAGE: GET /tipoDePartida with {} and HTTP headers {"HTTP_REFERER"=>"/"}
D, [2020-06-13T17:52:55.279140 #9748] DEBUG -- : REQUESTING PAGE: GET /escogerDificultad with {} and HTTP headers {"HTTP_REFERER"=>"/tipoDePartida"}
D, [2020-06-13T17:52:55.336404 #9748] DEBUG -- : REQUESTING PAGE: GET /ingresarCodigo with {"dificultad"=>"4"} and HTTP headers {"HTTP_REFERER"=>"/escogerDificultad"}
D, [2020-06-13T17:52:55.519819 #9748] DEBUG -- : REQUESTING PAGE: GET / with {} and HTTP headers {}
D, [2020-06-13T17:52:55.634659 #9748] DEBUG -- : REQUESTING PAGE: GET /tipoDePartida with {} and HTTP headers {"HTTP_REFERER"=>"/"}
D, [2020-06-13T17:52:55.716732 #9748] DEBUG -- : REQUESTING PAGE: GET /escogerDificultad with {} and HTTP headers {"HTTP_REFERER"=>"/tipoDePartida"}
D, [2020-06-13T17:52:55.798103 #9748] DEBUG -- : REQUESTING PAGE: GET /ingresarCodigo with {"dificultad"=>"8"} and HTTP headers {"HTTP_REFERER"=>"/escogerDificultad"}
D, [2020-06-13T18:39:25.814006 #23460] DEBUG -- : REQUESTING PAGE: GET / with {} and HTTP headers {}
D, [2020-06-13T18:39:25.911735 #23460] DEBUG -- : REQUESTING PAGE: GET /tipoDePartida with {} and HTTP headers {"HTTP_REFERER"=>"/"}
D, [2020-06-13T18:39:25.916945 #23460] DEBUG -- : REQUESTING PAGE: GET /escogerDificultad with {} and HTTP headers {"HTTP_REFERER"=>"/tipoDePartida"}
D, [2020-06-13T18:39:25.926777 #23460] DEBUG -- : REQUESTING PAGE: GET /ingresarCodigo with {"dificultad"=>"6"} and HTTP headers {"HTTP_REFERER"=>"/escogerDificultad"}
D, [2020-06-13T18:39:25.944732 #23460] DEBUG -- : REQUESTING PAGE: GET / with {} and HTTP headers {}
D, [2020-06-13T18:39:25.969914 #23460] DEBUG -- : REQUESTING PAGE: GET /tipoDePartida with {} and HTTP headers {"HTTP_REFERER"=>"/"}
D, [2020-06-13T18:39:25.975020 #23460] DEBUG -- : REQUESTING PAGE: GET /escogerDificultad with {} and HTTP headers {"HTTP_REFERER"=>"/tipoDePartida"}
D, [2020-06-13T18:39:26.002766 #23460] DEBUG -- : REQUESTING PAGE: GET /ingresarCodigo with {"dificultad"=>"4"} and HTTP headers {"HTTP_REFERER"=>"/escogerDificultad"}
D, [2020-06-13T18:39:26.026565 #23460] DEBUG -- : REQUESTING PAGE: GET / with {} and HTTP headers {}
D, [2020-06-13T18:39:26.042789 #23460] DEBUG -- : REQUESTING PAGE: GET /tipoDePartida with {} and HTTP headers {"HTTP_REFERER"=>"/"}
D, [2020-06-13T18:39:26.056171 #23460] DEBUG -- : REQUESTING PAGE: GET /escogerDificultad with {} and HTTP headers {"HTTP_REFERER"=>"/tipoDePartida"}
D, [2020-06-13T18:39:26.070020 #23460] DEBUG -- : REQUESTING PAGE: GET /ingresarCodigo with {"dificultad"=>"8"} and HTTP headers {"HTTP_REFERER"=>"/escogerDificultad"}
D, [2020-06-13T18:43:58.303988 #21996] DEBUG -- : REQUESTING PAGE: GET / with {} and HTTP headers {}
D, [2020-06-13T18:43:58.394421 #21996] DEBUG -- : REQUESTING PAGE: GET /tipoDePartida with {} and HTTP headers {"HTTP_REFERER"=>"/"}
D, [2020-06-13T18:43:58.398124 #21996] DEBUG -- : REQUESTING PAGE: GET /escogerDificultad with {} and HTTP headers {"HTTP_REFERER"=>"/tipoDePartida"}
D, [2020-06-13T18:43:58.411112 #21996] DEBUG -- : REQUESTING PAGE: GET /ingresarCodigo with {"dificultad"=>"6"} and HTTP headers {"HTTP_REFERER"=>"/escogerDificultad"}
D, [2020-06-13T18:43:58.435493 #21996] DEBUG -- : REQUESTING PAGE: GET / with {} and HTTP headers {}
D, [2020-06-13T18:43:58.439939 #21996] DEBUG -- : REQUESTING PAGE: GET /tipoDePartida with {} and HTTP headers {"HTTP_REFERER"=>"/"}
D, [2020-06-13T18:43:58.447403 #21996] DEBUG -- : REQUESTING PAGE: GET /escogerDificultad with {} and HTTP headers {"HTTP_REFERER"=>"/tipoDePartida"}
D, [2020-06-13T18:43:58.455461 #21996] DEBUG -- : REQUESTING PAGE: GET /ingresarCodigo with {"dificultad"=>"4"} and HTTP headers {"HTTP_REFERER"=>"/escogerDificultad"}
D, [2020-06-13T18:43:58.473959 #21996] DEBUG -- : REQUESTING PAGE: GET / with {} and HTTP headers {}
D, [2020-06-13T18:43:58.481383 #21996] DEBUG -- : REQUESTING PAGE: GET /tipoDePartida with {} and HTTP headers {"HTTP_REFERER"=>"/"}
D, [2020-06-13T18:43:58.487181 #21996] DEBUG -- : REQUESTING PAGE: GET /escogerDificultad with {} and HTTP headers {"HTTP_REFERER"=>"/tipoDePartida"}
D, [2020-06-13T18:43:58.509661 #21996] DEBUG -- : REQUESTING PAGE: GET /ingresarCodigo with {"dificultad"=>"8"} and HTTP headers {"HTTP_REFERER"=>"/escogerDificultad"}
D, [2020-06-13T18:43:58.530620 #21996] DEBUG -- : REQUESTING PAGE: GET / with {} and HTTP headers {}
D, [2020-06-13T18:43:58.538446 #21996] DEBUG -- : REQUESTING PAGE: GET /tipoDePartida with {} and HTTP headers {"HTTP_REFERER"=>"/"}
D, [2020-06-13T18:43:58.543626 #21996] DEBUG -- : REQUESTING PAGE: GET /escogerDificultad with {} and HTTP headers {"HTTP_REFERER"=>"/tipoDePartida"}
D, [2020-06-13T18:43:58.547810 #21996] DEBUG -- : REQUESTING PAGE: GET /ingresarCodigo with {"dificultad"=>"4"} and HTTP headers {"HTTP_REFERER"=>"/escogerDificultad"}
D, [2020-06-13T18:44:57.521841 #17312] DEBUG -- : REQUESTING PAGE: GET / with {} and HTTP headers {}
D, [2020-06-13T18:44:57.615765 #17312] DEBUG -- : REQUESTING PAGE: GET /tipoDePartida with {} and HTTP headers {"HTTP_REFERER"=>"/"}
D, [2020-06-13T18:44:57.619972 #17312] DEBUG -- : REQUESTING PAGE: GET /escogerDificultad with {} and HTTP headers {"HTTP_REFERER"=>"/tipoDePartida"}
D, [2020-06-13T18:44:57.630167 #17312] DEBUG -- : REQUESTING PAGE: GET /ingresarCodigo with {"dificultad"=>"6"} and HTTP headers {"HTTP_REFERER"=>"/escogerDificultad"}
D, [2020-06-13T18:44:57.643872 #17312] DEBUG -- : REQUESTING PAGE: GET / with {} and HTTP headers {}
D, [2020-06-13T18:44:57.648174 #17312] DEBUG -- : REQUESTING PAGE: GET /tipoDePartida with {} and HTTP headers {"HTTP_REFERER"=>"/"}
D, [2020-06-13T18:44:57.657822 #17312] DEBUG -- : REQUESTING PAGE: GET /escogerDificultad with {} and HTTP headers {"HTTP_REFERER"=>"/tipoDePartida"}
D, [2020-06-13T18:44:57.661050 #17312] DEBUG -- : REQUESTING PAGE: GET /ingresarCodigo with {"dificultad"=>"4"} and HTTP headers {"HTTP_REFERER"=>"/escogerDificultad"}
D, [2020-06-13T18:44:57.669442 #17312] DEBUG -- : REQUESTING PAGE: GET / with {} and HTTP headers {}
D, [2020-06-13T18:44:57.675528 #17312] DEBUG -- : REQUESTING PAGE: GET /tipoDePartida with {} and HTTP headers {"HTTP_REFERER"=>"/"}
D, [2020-06-13T18:44:57.684023 #17312] DEBUG -- : REQUESTING PAGE: GET /escogerDificultad with {} and HTTP headers {"HTTP_REFERER"=>"/tipoDePartida"}
D, [2020-06-13T18:44:57.696661 #17312] DEBUG -- : REQUESTING PAGE: GET /ingresarCodigo with {"dificultad"=>"8"} and HTTP headers {"HTTP_REFERER"=>"/escogerDificultad"}
D, [2020-06-13T18:44:57.707923 #17312] DEBUG -- : REQUESTING PAGE: GET / with {} and HTTP headers {}
D, [2020-06-13T18:44:57.712158 #17312] DEBUG -- : REQUESTING PAGE: GET /tipoDePartida with {} and HTTP headers {"HTTP_REFERER"=>"/"}
D, [2020-06-13T18:44:57.716517 #17312] DEBUG -- : REQUESTING PAGE: GET /escogerDificultad with {} and HTTP headers {"HTTP_REFERER"=>"/tipoDePartida"}
D, [2020-06-13T18:44:57.724002 #17312] DEBUG -- : REQUESTING PAGE: GET /ingresarCodigo with {"dificultad"=>"4"} and HTTP headers {"HTTP_REFERER"=>"/escogerDificultad"}
D, [2020-06-13T18:47:07.811468 #15080] DEBUG -- : REQUESTING PAGE: GET / with {} and HTTP headers {}
D, [2020-06-13T18:47:07.905829 #15080] DEBUG -- : REQUESTING PAGE: GET /tipoDePartida with {} and HTTP headers {"HTTP_REFERER"=>"/"}
D, [2020-06-13T18:47:07.909589 #15080] DEBUG -- : REQUESTING PAGE: GET /escogerDificultad with {} and HTTP headers {"HTTP_REFERER"=>"/tipoDePartida"}
D, [2020-06-13T18:47:07.913091 #15080] DEBUG -- : REQUESTING PAGE: GET /ingresarCodigo with {"dificultad"=>"6"} and HTTP headers {"HTTP_REFERER"=>"/escogerDificultad"}
D, [2020-06-13T18:47:07.937165 #15080] DEBUG -- : REQUESTING PAGE: GET / with {} and HTTP headers {}
D, [2020-06-13T18:47:07.953072 #15080] DEBUG -- : REQUESTING PAGE: GET /tipoDePartida with {} and HTTP headers {"HTTP_REFERER"=>"/"}
D, [2020-06-13T18:47:07.961842 #15080] DEBUG -- : REQUESTING PAGE: GET /escogerDificultad with {} and HTTP headers {"HTTP_REFERER"=>"/tipoDePartida"}
D, [2020-06-13T18:47:07.966744 #15080] DEBUG -- : REQUESTING PAGE: GET /ingresarCodigo with {"dificultad"=>"4"} and HTTP headers {"HTTP_REFERER"=>"/escogerDificultad"}
D, [2020-06-13T18:47:07.979267 #15080] DEBUG -- : REQUESTING PAGE: GET / with {} and HTTP headers {}
D, [2020-06-13T18:47:07.988725 #15080] DEBUG -- : REQUESTING PAGE: GET /tipoDePartida with {} and HTTP headers {"HTTP_REFERER"=>"/"}
D, [2020-06-13T18:47:08.017174 #15080] DEBUG -- : REQUESTING PAGE: GET /escogerDificultad with {} and HTTP headers {"HTTP_REFERER"=>"/tipoDePartida"}
D, [2020-06-13T18:47:08.040706 #15080] DEBUG -- : REQUESTING PAGE: GET /ingresarCodigo with {"dificultad"=>"8"} and HTTP headers {"HTTP_REFERER"=>"/escogerDificultad"}
D, [2020-06-13T18:47:08.056694 #15080] DEBUG -- : REQUESTING PAGE: GET / with {} and HTTP headers {}
D, [2020-06-13T18:47:08.213467 #15080] DEBUG -- : REQUESTING PAGE: GET /tipoDePartida with {} and HTTP headers {"HTTP_REFERER"=>"/"}
D, [2020-06-13T18:47:08.256742 #15080] DEBUG -- : REQUESTING PAGE: GET /escogerDificultad with {} and HTTP headers {"HTTP_REFERER"=>"/tipoDePartida"}
D, [2020-06-13T18:47:08.294982 #15080] DEBUG -- : REQUESTING PAGE: GET /ingresarCodigo with {"dificultad"=>"4"} and HTTP headers {"HTTP_REFERER"=>"/escogerDificultad"}
D, [2020-06-13T18:47:08.300841 #15080] DEBUG -- : REQUESTING PAGE: GET /iniciar with {"codigo"=>"1234"} and HTTP headers {"HTTP_REFERER"=>"/ingresarCodigo"}
D, [2020-06-13T18:47:38.865583 #10616] DEBUG -- : REQUESTING PAGE: GET / with {} and HTTP headers {}
D, [2020-06-13T18:47:38.964855 #10616] DEBUG -- : REQUESTING PAGE: GET /tipoDePartida with {} and HTTP headers {"HTTP_REFERER"=>"/"}
D, [2020-06-13T18:47:38.972900 #10616] DEBUG -- : REQUESTING PAGE: GET /escogerDificultad with {} and HTTP headers {"HTTP_REFERER"=>"/tipoDePartida"}
D, [2020-06-13T18:47:38.986998 #10616] DEBUG -- : REQUESTING PAGE: GET /ingresarCodigo with {"dificultad"=>"6"} and HTTP headers {"HTTP_REFERER"=>"/escogerDificultad"}
D, [2020-06-13T18:47:39.019242 #10616] DEBUG -- : REQUESTING PAGE: GET / with {} and HTTP headers {}
D, [2020-06-13T18:47:39.025603 #10616] DEBUG -- : REQUESTING PAGE: GET /tipoDePartida with {} and HTTP headers {"HTTP_REFERER"=>"/"}
D, [2020-06-13T18:47:39.046368 #10616] DEBUG -- : REQUESTING PAGE: GET /escogerDificultad with {} and HTTP headers {"HTTP_REFERER"=>"/tipoDePartida"}
D, [2020-06-13T18:47:39.056295 #10616] DEBUG -- : REQUESTING PAGE: GET /ingresarCodigo with {"dificultad"=>"4"} and HTTP headers {"HTTP_REFERER"=>"/escogerDificultad"}
D, [2020-06-13T18:47:39.071235 #10616] DEBUG -- : REQUESTING PAGE: GET / with {} and HTTP headers {}
D, [2020-06-13T18:47:39.087404 #10616] DEBUG -- : REQUESTING PAGE: GET /tipoDePartida with {} and HTTP headers {"HTTP_REFERER"=>"/"}
D, [2020-06-13T18:47:39.099691 #10616] DEBUG -- : REQUESTING PAGE: GET /escogerDificultad with {} and HTTP headers {"HTTP_REFERER"=>"/tipoDePartida"}
D, [2020-06-13T18:47:39.111367 #10616] DEBUG -- : REQUESTING PAGE: GET /ingresarCodigo with {"dificultad"=>"8"} and HTTP headers {"HTTP_REFERER"=>"/escogerDificultad"}
D, [2020-06-13T18:47:39.126171 #10616] DEBUG -- : REQUESTING PAGE: GET / with {} and HTTP headers {}
D, [2020-06-13T18:47:39.137982 #10616] DEBUG -- : REQUESTING PAGE: GET /tipoDePartida with {} and HTTP headers {"HTTP_REFERER"=>"/"}
D, [2020-06-13T18:47:39.141319 #10616] DEBUG -- : REQUESTING PAGE: GET /escogerDificultad with {} and HTTP headers {"HTTP_REFERER"=>"/tipoDePartida"}
D, [2020-06-13T18:47:39.152536 #10616] DEBUG -- : REQUESTING PAGE: GET /ingresarCodigo with {"dificultad"=>"4"} and HTTP headers {"HTTP_REFERER"=>"/escogerDificultad"}
D, [2020-06-13T18:47:39.167789 #10616] DEBUG -- : REQUESTING PAGE: GET /iniciar with {"codigo"=>"1234"} and HTTP headers {"HTTP_REFERER"=>"/ingresarCodigo"}
D, [2020-06-13T18:56:22.658647 #6496] DEBUG -- : REQUESTING PAGE: GET / with {} and HTTP headers {}
D, [2020-06-13T18:56:22.942564 #6496] DEBUG -- : REQUESTING PAGE: GET /tipoDePartida with {} and HTTP headers {"HTTP_REFERER"=>"/"}
D, [2020-06-13T18:56:23.003292 #6496] DEBUG -- : REQUESTING PAGE: GET /escogerDificultad with {} and HTTP headers {"HTTP_REFERER"=>"/tipoDePartida"}
D, [2020-06-13T18:56:23.099480 #6496] DEBUG -- : REQUESTING PAGE: GET /ingresarCodigo with {"dificultad"=>"6"} and HTTP headers {"HTTP_REFERER"=>"/escogerDificultad"}
D, [2020-06-13T18:56:23.464760 #6496] DEBUG -- : REQUESTING PAGE: GET / with {} and HTTP headers {}
D, [2020-06-13T18:56:23.502316 #6496] DEBUG -- : REQUESTING PAGE: GET /tipoDePartida with {} and HTTP headers {"HTTP_REFERER"=>"/"}
D, [2020-06-13T18:56:23.567245 #6496] DEBUG -- : REQUESTING PAGE: GET /escogerDificultad with {} and HTTP headers {"HTTP_REFERER"=>"/tipoDePartida"}
D, [2020-06-13T18:56:23.664714 #6496] DEBUG -- : REQUESTING PAGE: GET /ingresarCodigo with {"dificultad"=>"4"} and HTTP headers {"HTTP_REFERER"=>"/escogerDificultad"}
D, [2020-06-13T18:56:23.845164 #6496] DEBUG -- : REQUESTING PAGE: GET / with {} and HTTP headers {}
D, [2020-06-13T18:56:24.036694 #6496] DEBUG -- : REQUESTING PAGE: GET /tipoDePartida with {} and HTTP headers {"HTTP_REFERER"=>"/"}
D, [2020-06-13T18:56:24.100956 #6496] DEBUG -- : REQUESTING PAGE: GET /escogerDificultad with {} and HTTP headers {"HTTP_REFERER"=>"/tipoDePartida"}
D, [2020-06-13T18:56:24.186468 #6496] DEBUG -- : REQUESTING PAGE: GET /ingresarCodigo with {"dificultad"=>"8"} and HTTP headers {"HTTP_REFERER"=>"/escogerDificultad"}
D, [2020-06-13T18:56:24.517453 #6496] DEBUG -- : REQUESTING PAGE: GET / with {} and HTTP headers {}
D, [2020-06-13T18:56:24.652235 #6496] DEBUG -- : REQUESTING PAGE: GET /tipoDePartida with {} and HTTP headers {"HTTP_REFERER"=>"/"}
D, [2020-06-13T18:56:24.764238 #6496] DEBUG -- : REQUESTING PAGE: GET /escogerDificultad with {} and HTTP headers {"HTTP_REFERER"=>"/tipoDePartida"}
D, [2020-06-13T18:56:24.833003 #6496] DEBUG -- : REQUESTING PAGE: GET /ingresarCodigo with {"dificultad"=>"4"} and HTTP headers {"HTTP_REFERER"=>"/escogerDificultad"}
D, [2020-06-13T18:56:25.018811 #6496] DEBUG -- : REQUESTING PAGE: GET /iniciar with {"codigo"=>"1234"} and HTTP headers {"HTTP_REFERER"=>"/ingresarCodigo"}
D, [2020-06-13T18:56:25.506545 #6496] DEBUG -- : REQUESTING PAGE: GET / with {} and HTTP headers {}
D, [2020-06-13T18:56:25.633295 #6496] DEBUG -- : REQUESTING PAGE: GET /tipoDePartida with {} and HTTP headers {"HTTP_REFERER"=>"/"}
D, [2020-06-13T18:56:25.734700 #6496] DEBUG -- : REQUESTING PAGE: GET /escogerDificultad with {} and HTTP headers {"HTTP_REFERER"=>"/tipoDePartida"}
D, [2020-06-13T18:56:25.843899 #6496] DEBUG -- : REQUESTING PAGE: GET /ingresarCodigo with {"dificultad"=>"4"} and HTTP headers {"HTTP_REFERER"=>"/escogerDificultad"}
D, [2020-06-13T18:56:26.109658 #6496] DEBUG -- : REQUESTING PAGE: GET /iniciar with {"codigo"=>"1234"} and HTTP headers {"HTTP_REFERER"=>"/ingresarCodigo"}
D, [2020-06-13T18:57:48.931032 #11688] DEBUG -- : REQUESTING PAGE: GET / with {} and HTTP headers {}
D, [2020-06-13T18:57:49.175721 #11688] DEBUG -- : REQUESTING PAGE: GET /tipoDePartida with {} and HTTP headers {"HTTP_REFERER"=>"/"}
D, [2020-06-13T18:57:49.215480 #11688] DEBUG -- : REQUESTING PAGE: GET /escogerDificultad with {} and HTTP headers {"HTTP_REFERER"=>"/tipoDePartida"}
D, [2020-06-13T18:57:49.279460 #11688] DEBUG -- : REQUESTING PAGE: GET /ingresarCodigo with {"dificultad"=>"6"} and HTTP headers {"HTTP_REFERER"=>"/escogerDificultad"}
D, [2020-06-13T18:57:49.693781 #11688] DEBUG -- : REQUESTING PAGE: GET / with {} and HTTP headers {}
D, [2020-06-13T18:57:49.749146 #11688] DEBUG -- : REQUESTING PAGE: GET /tipoDePartida with {} and HTTP headers {"HTTP_REFERER"=>"/"}
D, [2020-06-13T18:57:49.811502 #11688] DEBUG -- : REQUESTING PAGE: GET /escogerDificultad with {} and HTTP headers {"HTTP_REFERER"=>"/tipoDePartida"}
D, [2020-06-13T18:57:49.862770 #11688] DEBUG -- : REQUESTING PAGE: GET /ingresarCodigo with {"dificultad"=>"4"} and HTTP headers {"HTTP_REFERER"=>"/escogerDificultad"}
D, [2020-06-13T18:57:50.047076 #11688] DEBUG -- : REQUESTING PAGE: GET / with {} and HTTP headers {}
D, [2020-06-13T18:57:50.122090 #11688] DEBUG -- : REQUESTING PAGE: GET /tipoDePartida with {} and HTTP headers {"HTTP_REFERER"=>"/"}
D, [2020-06-13T18:57:50.169845 #11688] DEBUG -- : REQUESTING PAGE: GET /escogerDificultad with {} and HTTP headers {"HTTP_REFERER"=>"/tipoDePartida"}
D, [2020-06-13T18:57:50.308047 #11688] DEBUG -- : REQUESTING PAGE: GET /ingresarCodigo with {"dificultad"=>"8"} and HTTP headers {"HTTP_REFERER"=>"/escogerDificultad"}
D, [2020-06-13T18:57:50.694462 #11688] DEBUG -- : REQUESTING PAGE: GET / with {} and HTTP headers {}
D, [2020-06-13T18:57:50.765345 #11688] DEBUG -- : REQUESTING PAGE: GET /tipoDePartida with {} and HTTP headers {"HTTP_REFERER"=>"/"}
D, [2020-06-13T18:57:50.836171 #11688] DEBUG -- : REQUESTING PAGE: GET /escogerDificultad with {} and HTTP headers {"HTTP_REFERER"=>"/tipoDePartida"}
D, [2020-06-13T18:57:50.943860 #11688] DEBUG -- : REQUESTING PAGE: GET /ingresarCodigo with {"dificultad"=>"4"} and HTTP headers {"HTTP_REFERER"=>"/escogerDificultad"}
D, [2020-06-13T18:57:51.070797 #11688] DEBUG -- : REQUESTING PAGE: GET /iniciar with {"codigo"=>"1234"} and HTTP headers {"HTTP_REFERER"=>"/ingresarCodigo"}
D, [2020-06-13T18:57:51.624066 #11688] DEBUG -- : REQUESTING PAGE: GET / with {} and HTTP headers {}
D, [2020-06-13T18:57:51.757982 #11688] DEBUG -- : REQUESTING PAGE: GET /tipoDePartida with {} and HTTP headers {"HTTP_REFERER"=>"/"}
D, [2020-06-13T18:57:51.922362 #11688] DEBUG -- : REQUESTING PAGE: GET /escogerDificultad with {} and HTTP headers {"HTTP_REFERER"=>"/tipoDePartida"}
D, [2020-06-13T18:57:52.037464 #11688] DEBUG -- : REQUESTING PAGE: GET /ingresarCodigo with {"dificultad"=>"4"} and HTTP headers {"HTTP_REFERER"=>"/escogerDificultad"}
D, [2020-06-13T18:57:52.273075 #11688] DEBUG -- : REQUESTING PAGE: GET /iniciar with {"codigo"=>"1234"} and HTTP headers {"HTTP_REFERER"=>"/ingresarCodigo"}
D, [2020-06-13T18:58:57.846128 #540] DEBUG -- : REQUESTING PAGE: GET / with {} and HTTP headers {}
D, [2020-06-13T18:58:58.079034 #540] DEBUG -- : REQUESTING PAGE: GET /tipoDePartida with {} and HTTP headers {"HTTP_REFERER"=>"/"}
D, [2020-06-13T18:58:58.109580 #540] DEBUG -- : REQUESTING PAGE: GET /escogerDificultad with {} and HTTP headers {"HTTP_REFERER"=>"/tipoDePartida"}
D, [2020-06-13T18:58:58.145660 #540] DEBUG -- : REQUESTING PAGE: GET /ingresarCodigo with {"dificultad"=>"6"} and HTTP headers {"HTTP_REFERER"=>"/escogerDificultad"}
D, [2020-06-13T18:58:58.330056 #540] DEBUG -- : REQUESTING PAGE: GET / with {} and HTTP headers {}
D, [2020-06-13T18:58:58.387508 #540] DEBUG -- : REQUESTING PAGE: GET /tipoDePartida with {} and HTTP headers {"HTTP_REFERER"=>"/"}
D, [2020-06-13T18:58:58.423165 #540] DEBUG -- : REQUESTING PAGE: GET /escogerDificultad with {} and HTTP headers {"HTTP_REFERER"=>"/tipoDePartida"}
D, [2020-06-13T18:58:58.455499 #540] DEBUG -- : REQUESTING PAGE: GET /ingresarCodigo with {"dificultad"=>"4"} and HTTP headers {"HTTP_REFERER"=>"/escogerDificultad"}
D, [2020-06-13T18:58:58.529320 #540] DEBUG -- : REQUESTING PAGE: GET / with {} and HTTP headers {}
D, [2020-06-13T18:58:58.664194 #540] DEBUG -- : REQUESTING PAGE: GET /tipoDePartida with {} and HTTP headers {"HTTP_REFERER"=>"/"}
D, [2020-06-13T18:58:58.743597 #540] DEBUG -- : REQUESTING PAGE: GET /escogerDificultad with {} and HTTP headers {"HTTP_REFERER"=>"/tipoDePartida"}
D, [2020-06-13T18:58:58.798512 #540] DEBUG -- : REQUESTING PAGE: GET /ingresarCodigo with {"dificultad"=>"8"} and HTTP headers {"HTTP_REFERER"=>"/escogerDificultad"}
D, [2020-06-13T18:58:59.045210 #540] DEBUG -- : REQUESTING PAGE: GET / with {} and HTTP headers {}
D, [2020-06-13T18:58:59.086655 #540] DEBUG -- : REQUESTING PAGE: GET /tipoDePartida with {} and HTTP headers {"HTTP_REFERER"=>"/"}
D, [2020-06-13T18:58:59.145261 #540] DEBUG -- : REQUESTING PAGE: GET /escogerDificultad with {} and HTTP headers {"HTTP_REFERER"=>"/tipoDePartida"}
D, [2020-06-13T18:58:59.264713 #540] DEBUG -- : REQUESTING PAGE: GET /ingresarCodigo with {"dificultad"=>"4"} and HTTP headers {"HTTP_REFERER"=>"/escogerDificultad"}
D, [2020-06-13T18:58:59.373406 #540] DEBUG -- : REQUESTING PAGE: GET /iniciar with {"codigo"=>"1234"} and HTTP headers {"HTTP_REFERER"=>"/ingresarCodigo"}
D, [2020-06-13T18:58:59.641685 #540] DEBUG -- : REQUESTING PAGE: GET / with {} and HTTP headers {}
D, [2020-06-13T18:58:59.685816 #540] DEBUG -- : REQUESTING PAGE: GET /tipoDePartida with {} and HTTP headers {"HTTP_REFERER"=>"/"}
D, [2020-06-13T18:58:59.759495 #540] DEBUG -- : REQUESTING PAGE: GET /escogerDificultad with {} and HTTP headers {"HTTP_REFERER"=>"/tipoDePartida"}
D, [2020-06-13T18:58:59.858648 #540] DEBUG -- : REQUESTING PAGE: GET /ingresarCodigo with {"dificultad"=>"4"} and HTTP headers {"HTTP_REFERER"=>"/escogerDificultad"}
D, [2020-06-13T18:58:59.993521 #540] DEBUG -- : REQUESTING PAGE: GET /iniciar with {"codigo"=>"1234"} and HTTP headers {"HTTP_REFERER"=>"/ingresarCodigo"}
D, [2020-06-13T19:00:39.759267 #6552] DEBUG -- : REQUESTING PAGE: GET / with {} and HTTP headers {}
D, [2020-06-13T19:00:39.976742 #6552] DEBUG -- : REQUESTING PAGE: GET /tipoDePartida with {} and HTTP headers {"HTTP_REFERER"=>"/"}
D, [2020-06-13T19:00:40.077550 #6552] DEBUG -- : REQUESTING PAGE: GET /escogerDificultad with {} and HTTP headers {"HTTP_REFERER"=>"/tipoDePartida"}
D, [2020-06-13T19:00:40.141369 #6552] DEBUG -- : REQUESTING PAGE: GET /ingresarCodigo with {"dificultad"=>"6"} and HTTP headers {"HTTP_REFERER"=>"/escogerDificultad"}
D, [2020-06-13T19:00:40.470942 #6552] DEBUG -- : REQUESTING PAGE: GET / with {} and HTTP headers {}
D, [2020-06-13T19:00:40.522839 #6552] DEBUG -- : REQUESTING PAGE: GET /tipoDePartida with {} and HTTP headers {"HTTP_REFERER"=>"/"}
D, [2020-06-13T19:00:40.623133 #6552] DEBUG -- : REQUESTING PAGE: GET /escogerDificultad with {} and HTTP headers {"HTTP_REFERER"=>"/tipoDePartida"}
D, [2020-06-13T19:00:40.711090 #6552] DEBUG -- : REQUESTING PAGE: GET /ingresarCodigo with {"dificultad"=>"4"} and HTTP headers {"HTTP_REFERER"=>"/escogerDificultad"}
D, [2020-06-13T19:00:40.891082 #6552] DEBUG -- : REQUESTING PAGE: GET / with {} and HTTP headers {}
D, [2020-06-13T19:00:41.026652 #6552] DEBUG -- : REQUESTING PAGE: GET /tipoDePartida with {} and HTTP headers {"HTTP_REFERER"=>"/"}
D, [2020-06-13T19:00:41.106142 #6552] DEBUG -- : REQUESTING PAGE: GET /escogerDificultad with {} and HTTP headers {"HTTP_REFERER"=>"/tipoDePartida"}
D, [2020-06-13T19:00:41.178303 #6552] DEBUG -- : REQUESTING PAGE: GET /ingresarCodigo with {"dificultad"=>"8"} and HTTP headers {"HTTP_REFERER"=>"/escogerDificultad"}
D, [2020-06-13T19:00:41.626464 #6552] DEBUG -- : REQUESTING PAGE: GET / with {} and HTTP headers {}
D, [2020-06-13T19:00:41.673183 #6552] DEBUG -- : REQUESTING PAGE: GET /tipoDePartida with {} and HTTP headers {"HTTP_REFERER"=>"/"}
D, [2020-06-13T19:00:41.762318 #6552] DEBUG -- : REQUESTING PAGE: GET /escogerDificultad with {} and HTTP headers {"HTTP_REFERER"=>"/tipoDePartida"}
D, [2020-06-13T19:00:41.846677 #6552] DEBUG -- : REQUESTING PAGE: GET /ingresarCodigo with {"dificultad"=>"4"} and HTTP headers {"HTTP_REFERER"=>"/escogerDificultad"}
D, [2020-06-13T19:00:42.008546 #6552] DEBUG -- : REQUESTING PAGE: GET /iniciar with {"codigo"=>"1234"} and HTTP headers {"HTTP_REFERER"=>"/ingresarCodigo"}
D, [2020-06-13T19:00:42.383621 #6552] DEBUG -- : REQUESTING PAGE: GET / with {} and HTTP headers {}
D, [2020-06-13T19:00:42.442641 #6552] DEBUG -- : REQUESTING PAGE: GET /tipoDePartida with {} and HTTP headers {"HTTP_REFERER"=>"/"}
D, [2020-06-13T19:00:42.521664 #6552] DEBUG -- : REQUESTING PAGE: GET /escogerDificultad with {} and HTTP headers {"HTTP_REFERER"=>"/tipoDePartida"}
D, [2020-06-13T19:00:42.606867 #6552] DEBUG -- : REQUESTING PAGE: GET /ingresarCodigo with {"dificultad"=>"4"} and HTTP headers {"HTTP_REFERER"=>"/escogerDificultad"}
D, [2020-06-13T19:00:42.742611 #6552] DEBUG -- : REQUESTING PAGE: GET /iniciar with {"codigo"=>"1234"} and HTTP headers {"HTTP_REFERER"=>"/ingresarCodigo"}
D, [2020-06-13T19:01:57.329654 #8408] DEBUG -- : REQUESTING PAGE: GET / with {} and HTTP headers {}
D, [2020-06-13T19:01:57.560082 #8408] DEBUG -- : REQUESTING PAGE: GET /tipoDePartida with {} and HTTP headers {"HTTP_REFERER"=>"/"}
D, [2020-06-13T19:01:57.601780 #8408] DEBUG -- : REQUESTING PAGE: GET /escogerDificultad with {} and HTTP headers {"HTTP_REFERER"=>"/tipoDePartida"}
D, [2020-06-13T19:01:57.669228 #8408] DEBUG -- : REQUESTING PAGE: GET /ingresarCodigo with {"dificultad"=>"6"} and HTTP headers {"HTTP_REFERER"=>"/escogerDificultad"}
D, [2020-06-13T19:01:58.012807 #8408] DEBUG -- : REQUESTING PAGE: GET / with {} and HTTP headers {}
D, [2020-06-13T19:01:58.076691 #8408] DEBUG -- : REQUESTING PAGE: GET /tipoDePartida with {} and HTTP headers {"HTTP_REFERER"=>"/"}
D, [2020-06-13T19:01:58.147386 #8408] DEBUG -- : REQUESTING PAGE: GET /escogerDificultad with {} and HTTP headers {"HTTP_REFERER"=>"/tipoDePartida"}
D, [2020-06-13T19:01:58.197660 #8408] DEBUG -- : REQUESTING PAGE: GET /ingresarCodigo with {"dificultad"=>"4"} and HTTP headers {"HTTP_REFERER"=>"/escogerDificultad"}
D, [2020-06-13T19:01:58.404381 #8408] DEBUG -- : REQUESTING PAGE: GET / with {} and HTTP headers {}
D, [2020-06-13T19:01:58.482391 #8408] DEBUG -- : REQUESTING PAGE: GET /tipoDePartida with {} and HTTP headers {"HTTP_REFERER"=>"/"}
D, [2020-06-13T19:01:58.581535 #8408] DEBUG -- : REQUESTING PAGE: GET /escogerDificultad with {} and HTTP headers {"HTTP_REFERER"=>"/tipoDePartida"}
D, [2020-06-13T19:01:58.673053 #8408] DEBUG -- : REQUESTING PAGE: GET /ingresarCodigo with {"dificultad"=>"8"} and HTTP headers {"HTTP_REFERER"=>"/escogerDificultad"}
D, [2020-06-13T19:01:59.034559 #8408] DEBUG -- : REQUESTING PAGE: GET / with {} and HTTP headers {}
D, [2020-06-13T19:01:59.133584 #8408] DEBUG -- : REQUESTING PAGE: GET /tipoDePartida with {} and HTTP headers {"HTTP_REFERER"=>"/"}
D, [2020-06-13T19:01:59.239442 #8408] DEBUG -- : REQUESTING PAGE: GET /escogerDificultad with {} and HTTP headers {"HTTP_REFERER"=>"/tipoDePartida"}
D, [2020-06-13T19:01:59.317410 #8408] DEBUG -- : REQUESTING PAGE: GET /ingresarCodigo with {"dificultad"=>"4"} and HTTP headers {"HTTP_REFERER"=>"/escogerDificultad"}
D, [2020-06-13T19:01:59.433522 #8408] DEBUG -- : REQUESTING PAGE: GET /iniciar with {"codigo"=>"1234"} and HTTP headers {"HTTP_REFERER"=>"/ingresarCodigo"}
D, [2020-06-13T19:01:59.798127 #8408] DEBUG -- : REQUESTING PAGE: GET / with {} and HTTP headers {}
D, [2020-06-13T19:01:59.929651 #8408] DEBUG -- : REQUESTING PAGE: GET /tipoDePartida with {} and HTTP headers {"HTTP_REFERER"=>"/"}
D, [2020-06-13T19:01:59.987504 #8408] DEBUG -- : REQUESTING PAGE: GET /escogerDificultad with {} and HTTP headers {"HTTP_REFERER"=>"/tipoDePartida"}
D, [2020-06-13T19:02:00.102602 #8408] DEBUG -- : REQUESTING PAGE: GET /ingresarCodigo with {"dificultad"=>"4"} and HTTP headers {"HTTP_REFERER"=>"/escogerDificultad"}
D, [2020-06-13T19:02:00.345973 #8408] DEBUG -- : REQUESTING PAGE: GET /iniciar with {"codigo"=>"1234"} and HTTP headers {"HTTP_REFERER"=>"/ingresarCodigo"}
D, [2020-06-13T19:02:30.185228 #3464] DEBUG -- : REQUESTING PAGE: GET / with {} and HTTP headers {}
D, [2020-06-13T19:02:30.421640 #3464] DEBUG -- : REQUESTING PAGE: GET /tipoDePartida with {} and HTTP headers {"HTTP_REFERER"=>"/"}
D, [2020-06-13T19:02:30.507290 #3464] DEBUG -- : REQUESTING PAGE: GET /escogerDificultad with {} and HTTP headers {"HTTP_REFERER"=>"/tipoDePartida"}
D, [2020-06-13T19:02:30.562252 #3464] DEBUG -- : REQUESTING PAGE: GET /ingresarCodigo with {"dificultad"=>"6"} and HTTP headers {"HTTP_REFERER"=>"/escogerDificultad"}
D, [2020-06-13T19:02:30.880533 #3464] DEBUG -- : REQUESTING PAGE: GET / with {} and HTTP headers {}
D, [2020-06-13T19:02:30.935100 #3464] DEBUG -- : REQUESTING PAGE: GET /tipoDePartida with {} and HTTP headers {"HTTP_REFERER"=>"/"}
D, [2020-06-13T19:02:30.984023 #3464] DEBUG -- : REQUESTING PAGE: GET /escogerDificultad with {} and HTTP headers {"HTTP_REFERER"=>"/tipoDePartida"}
D, [2020-06-13T19:02:31.047636 #3464] DEBUG -- : REQUESTING PAGE: GET /ingresarCodigo with {"dificultad"=>"4"} and HTTP headers {"HTTP_REFERER"=>"/escogerDificultad"}
D, [2020-06-13T19:02:31.277618 #3464] DEBUG -- : REQUESTING PAGE: GET / with {} and HTTP headers {}
D, [2020-06-13T19:02:31.346556 #3464] DEBUG -- : REQUESTING PAGE: GET /tipoDePartida with {} and HTTP headers {"HTTP_REFERER"=>"/"}
D, [2020-06-13T19:02:31.465298 #3464] DEBUG -- : REQUESTING PAGE: GET /escogerDificultad with {} and HTTP headers {"HTTP_REFERER"=>"/tipoDePartida"}
D, [2020-06-13T19:02:31.526321 #3464] DEBUG -- : REQUESTING PAGE: GET /ingresarCodigo with {"dificultad"=>"8"} and HTTP headers {"HTTP_REFERER"=>"/escogerDificultad"}
D, [2020-06-13T19:02:31.865114 #3464] DEBUG -- : REQUESTING PAGE: GET / with {} and HTTP headers {}
D, [2020-06-13T19:02:31.933289 #3464] DEBUG -- : REQUESTING PAGE: GET /tipoDePartida with {} and HTTP headers {"HTTP_REFERER"=>"/"}
D, [2020-06-13T19:02:31.984995 #3464] DEBUG -- : REQUESTING PAGE: GET /escogerDificultad with {} and HTTP headers {"HTTP_REFERER"=>"/tipoDePartida"}
D, [2020-06-13T19:02:32.110663 #3464] DEBUG -- : REQUESTING PAGE: GET /ingresarCodigo with {"dificultad"=>"4"} and HTTP headers {"HTTP_REFERER"=>"/escogerDificultad"}
D, [2020-06-13T19:02:32.225832 #3464] DEBUG -- : REQUESTING PAGE: GET /iniciar with {"codigo"=>"1234"} and HTTP headers {"HTTP_REFERER"=>"/ingresarCodigo"}
D, [2020-06-13T19:02:32.579209 #3464] DEBUG -- : REQUESTING PAGE: GET / with {} and HTTP headers {}
D, [2020-06-13T19:02:32.642430 #3464] DEBUG -- : REQUESTING PAGE: GET /tipoDePartida with {} and HTTP headers {"HTTP_REFERER"=>"/"}
D, [2020-06-13T19:02:32.747814 #3464] DEBUG -- : REQUESTING PAGE: GET /escogerDificultad with {} and HTTP headers {"HTTP_REFERER"=>"/tipoDePartida"}
D, [2020-06-13T19:02:32.815847 #3464] DEBUG -- : REQUESTING PAGE: GET /ingresarCodigo with {"dificultad"=>"4"} and HTTP headers {"HTTP_REFERER"=>"/escogerDificultad"}
D, [2020-06-13T19:02:32.949746 #3464] DEBUG -- : REQUESTING PAGE: GET /iniciar with {"codigo"=>"1234"} and HTTP headers {"HTTP_REFERER"=>"/ingresarCodigo"}
D, [2020-06-13T19:03:16.013172 #12016] DEBUG -- : REQUESTING PAGE: GET / with {} and HTTP headers {}
D, [2020-06-13T19:03:16.265457 #12016] DEBUG -- : REQUESTING PAGE: GET /tipoDePartida with {} and HTTP headers {"HTTP_REFERER"=>"/"}
D, [2020-06-13T19:03:16.304262 #12016] DEBUG -- : REQUESTING PAGE: GET /escogerDificultad with {} and HTTP headers {"HTTP_REFERER"=>"/tipoDePartida"}
D, [2020-06-13T19:03:16.406381 #12016] DEBUG -- : REQUESTING PAGE: GET /ingresarCodigo with {"dificultad"=>"6"} and HTTP headers {"HTTP_REFERER"=>"/escogerDificultad"}
D, [2020-06-13T19:03:16.834646 #12016] DEBUG -- : REQUESTING PAGE: GET / with {} and HTTP headers {}
D, [2020-06-13T19:03:16.885421 #12016] DEBUG -- : REQUESTING PAGE: GET /tipoDePartida with {} and HTTP headers {"HTTP_REFERER"=>"/"}
D, [2020-06-13T19:03:16.971252 #12016] DEBUG -- : REQUESTING PAGE: GET /escogerDificultad with {} and HTTP headers {"HTTP_REFERER"=>"/tipoDePartida"}
D, [2020-06-13T19:03:17.033304 #12016] DEBUG -- : REQUESTING PAGE: GET /ingresarCodigo with {"dificultad"=>"4"} and HTTP headers {"HTTP_REFERER"=>"/escogerDificultad"}
D, [2020-06-13T19:03:17.182522 #12016] DEBUG -- : REQUESTING PAGE: GET / with {} and HTTP headers {}
D, [2020-06-13T19:03:17.284552 #12016] DEBUG -- : REQUESTING PAGE: GET /tipoDePartida with {} and HTTP headers {"HTTP_REFERER"=>"/"}
D, [2020-06-13T19:03:17.330213 #12016] DEBUG -- : REQUESTING PAGE: GET /escogerDificultad with {} and HTTP headers {"HTTP_REFERER"=>"/tipoDePartida"}
D, [2020-06-13T19:03:17.421012 #12016] DEBUG -- : REQUESTING PAGE: GET /ingresarCodigo with {"dificultad"=>"8"} and HTTP headers {"HTTP_REFERER"=>"/escogerDificultad"}
D, [2020-06-13T19:03:17.779386 #12016] DEBUG -- : REQUESTING PAGE: GET / with {} and HTTP headers {}
D, [2020-06-13T19:03:17.844545 #12016] DEBUG -- : REQUESTING PAGE: GET /tipoDePartida with {} and HTTP headers {"HTTP_REFERER"=>"/"}
D, [2020-06-13T19:03:17.953046 #12016] DEBUG -- : REQUESTING PAGE: GET /escogerDificultad with {} and HTTP headers {"HTTP_REFERER"=>"/tipoDePartida"}
D, [2020-06-13T19:03:18.002346 #12016] DEBUG -- : REQUESTING PAGE: GET /ingresarCodigo with {"dificultad"=>"4"} and HTTP headers {"HTTP_REFERER"=>"/escogerDificultad"}
D, [2020-06-13T19:03:18.153123 #12016] DEBUG -- : REQUESTING PAGE: GET /iniciar with {"codigo"=>"1234"} and HTTP headers {"HTTP_REFERER"=>"/ingresarCodigo"}
D, [2020-06-13T19:03:18.558895 #12016] DEBUG -- : REQUESTING PAGE: GET / with {} and HTTP headers {}
D, [2020-06-13T19:03:18.634910 #12016] DEBUG -- : REQUESTING PAGE: GET /tipoDePartida with {} and HTTP headers {"HTTP_REFERER"=>"/"}
D, [2020-06-13T19:03:18.733225 #12016] DEBUG -- : REQUESTING PAGE: GET /escogerDificultad with {} and HTTP headers {"HTTP_REFERER"=>"/tipoDePartida"}
D, [2020-06-13T19:03:18.779582 #12016] DEBUG -- : REQUESTING PAGE: GET /ingresarCodigo with {"dificultad"=>"4"} and HTTP headers {"HTTP_REFERER"=>"/escogerDificultad"}
D, [2020-06-13T19:03:19.047180 #12016] DEBUG -- : REQUESTING PAGE: GET /iniciar with {"codigo"=>"1234"} and HTTP headers {"HTTP_REFERER"=>"/ingresarCodigo"}
D, [2020-06-13T19:03:19.312802 #12016] DEBUG -- : REQUESTING PAGE: POST /verificar  with {"intento"=>"1235"} and HTTP headers {"HTTP_REFERER"=>"/iniciar"}
D, [2020-06-13T19:07:02.058957 #13668] DEBUG -- : REQUESTING PAGE: GET / with {} and HTTP headers {}
D, [2020-06-13T19:07:02.286795 #13668] DEBUG -- : REQUESTING PAGE: GET /tipoDePartida with {} and HTTP headers {"HTTP_REFERER"=>"/"}
D, [2020-06-13T19:07:02.341829 #13668] DEBUG -- : REQUESTING PAGE: GET /escogerDificultad with {} and HTTP headers {"HTTP_REFERER"=>"/tipoDePartida"}
D, [2020-06-13T19:07:02.391019 #13668] DEBUG -- : REQUESTING PAGE: GET /ingresarCodigo with {"dificultad"=>"6"} and HTTP headers {"HTTP_REFERER"=>"/escogerDificultad"}
D, [2020-06-13T19:07:02.876424 #13668] DEBUG -- : REQUESTING PAGE: GET / with {} and HTTP headers {}
D, [2020-06-13T19:07:02.944199 #13668] DEBUG -- : REQUESTING PAGE: GET /tipoDePartida with {} and HTTP headers {"HTTP_REFERER"=>"/"}
D, [2020-06-13T19:07:02.992365 #13668] DEBUG -- : REQUESTING PAGE: GET /escogerDificultad with {} and HTTP headers {"HTTP_REFERER"=>"/tipoDePartida"}
D, [2020-06-13T19:07:03.121757 #13668] DEBUG -- : REQUESTING PAGE: GET /ingresarCodigo with {"dificultad"=>"4"} and HTTP headers {"HTTP_REFERER"=>"/escogerDificultad"}
D, [2020-06-13T19:07:03.308104 #13668] DEBUG -- : REQUESTING PAGE: GET / with {} and HTTP headers {}
D, [2020-06-13T19:07:03.411281 #13668] DEBUG -- : REQUESTING PAGE: GET /tipoDePartida with {} and HTTP headers {"HTTP_REFERER"=>"/"}
D, [2020-06-13T19:07:03.473764 #13668] DEBUG -- : REQUESTING PAGE: GET /escogerDificultad with {} and HTTP headers {"HTTP_REFERER"=>"/tipoDePartida"}
D, [2020-06-13T19:07:03.574132 #13668] DEBUG -- : REQUESTING PAGE: GET /ingresarCodigo with {"dificultad"=>"8"} and HTTP headers {"HTTP_REFERER"=>"/escogerDificultad"}
D, [2020-06-13T19:07:03.910537 #13668] DEBUG -- : REQUESTING PAGE: GET / with {} and HTTP headers {}
D, [2020-06-13T19:07:04.008807 #13668] DEBUG -- : REQUESTING PAGE: GET /tipoDePartida with {} and HTTP headers {"HTTP_REFERER"=>"/"}
D, [2020-06-13T19:07:04.092024 #13668] DEBUG -- : REQUESTING PAGE: GET /escogerDificultad with {} and HTTP headers {"HTTP_REFERER"=>"/tipoDePartida"}
D, [2020-06-13T19:07:04.143205 #13668] DEBUG -- : REQUESTING PAGE: GET /ingresarCodigo with {"dificultad"=>"4"} and HTTP headers {"HTTP_REFERER"=>"/escogerDificultad"}
D, [2020-06-13T19:07:04.334942 #13668] DEBUG -- : REQUESTING PAGE: GET /iniciar with {"codigo"=>"1234"} and HTTP headers {"HTTP_REFERER"=>"/ingresarCodigo"}
D, [2020-06-13T19:07:04.692877 #13668] DEBUG -- : REQUESTING PAGE: GET / with {} and HTTP headers {}
D, [2020-06-13T19:07:04.749726 #13668] DEBUG -- : REQUESTING PAGE: GET /tipoDePartida with {} and HTTP headers {"HTTP_REFERER"=>"/"}
D, [2020-06-13T19:07:04.824937 #13668] DEBUG -- : REQUESTING PAGE: GET /escogerDificultad with {} and HTTP headers {"HTTP_REFERER"=>"/tipoDePartida"}
D, [2020-06-13T19:07:04.888170 #13668] DEBUG -- : REQUESTING PAGE: GET /ingresarCodigo with {"dificultad"=>"4"} and HTTP headers {"HTTP_REFERER"=>"/escogerDificultad"}
D, [2020-06-13T19:07:05.169899 #13668] DEBUG -- : REQUESTING PAGE: GET /iniciar with {"codigo"=>"1234"} and HTTP headers {"HTTP_REFERER"=>"/ingresarCodigo"}
D, [2020-06-13T19:07:05.451162 #13668] DEBUG -- : REQUESTING PAGE: POST /verificar  with {"intento"=>"1235"} and HTTP headers {"HTTP_REFERER"=>"/iniciar"}
D, [2020-06-13T19:08:05.874433 #6104] DEBUG -- : REQUESTING PAGE: GET / with {} and HTTP headers {}
D, [2020-06-13T19:08:06.109741 #6104] DEBUG -- : REQUESTING PAGE: GET /tipoDePartida with {} and HTTP headers {"HTTP_REFERER"=>"/"}
D, [2020-06-13T19:08:06.161743 #6104] DEBUG -- : REQUESTING PAGE: GET /escogerDificultad with {} and HTTP headers {"HTTP_REFERER"=>"/tipoDePartida"}
D, [2020-06-13T19:08:06.220205 #6104] DEBUG -- : REQUESTING PAGE: GET /ingresarCodigo with {"dificultad"=>"6"} and HTTP headers {"HTTP_REFERER"=>"/escogerDificultad"}
D, [2020-06-13T19:08:06.559084 #6104] DEBUG -- : REQUESTING PAGE: GET / with {} and HTTP headers {}
D, [2020-06-13T19:08:06.602550 #6104] DEBUG -- : REQUESTING PAGE: GET /tipoDePartida with {} and HTTP headers {"HTTP_REFERER"=>"/"}
D, [2020-06-13T19:08:06.727526 #6104] DEBUG -- : REQUESTING PAGE: GET /escogerDificultad with {} and HTTP headers {"HTTP_REFERER"=>"/tipoDePartida"}
D, [2020-06-13T19:08:06.779933 #6104] DEBUG -- : REQUESTING PAGE: GET /ingresarCodigo with {"dificultad"=>"4"} and HTTP headers {"HTTP_REFERER"=>"/escogerDificultad"}
D, [2020-06-13T19:08:06.961457 #6104] DEBUG -- : REQUESTING PAGE: GET / with {} and HTTP headers {}
D, [2020-06-13T19:08:07.078250 #6104] DEBUG -- : REQUESTING PAGE: GET /tipoDePartida with {} and HTTP headers {"HTTP_REFERER"=>"/"}
D, [2020-06-13T19:08:07.147060 #6104] DEBUG -- : REQUESTING PAGE: GET /escogerDificultad with {} and HTTP headers {"HTTP_REFERER"=>"/tipoDePartida"}
D, [2020-06-13T19:08:07.230983 #6104] DEBUG -- : REQUESTING PAGE: GET /ingresarCodigo with {"dificultad"=>"8"} and HTTP headers {"HTTP_REFERER"=>"/escogerDificultad"}
D, [2020-06-13T19:08:07.651615 #6104] DEBUG -- : REQUESTING PAGE: GET / with {} and HTTP headers {}
D, [2020-06-13T19:08:07.712701 #6104] DEBUG -- : REQUESTING PAGE: GET /tipoDePartida with {} and HTTP headers {"HTTP_REFERER"=>"/"}
D, [2020-06-13T19:08:07.778087 #6104] DEBUG -- : REQUESTING PAGE: GET /escogerDificultad with {} and HTTP headers {"HTTP_REFERER"=>"/tipoDePartida"}
D, [2020-06-13T19:08:07.845968 #6104] DEBUG -- : REQUESTING PAGE: GET /ingresarCodigo with {"dificultad"=>"4"} and HTTP headers {"HTTP_REFERER"=>"/escogerDificultad"}
D, [2020-06-13T19:08:08.038625 #6104] DEBUG -- : REQUESTING PAGE: GET /iniciar with {"codigo"=>"1234"} and HTTP headers {"HTTP_REFERER"=>"/ingresarCodigo"}
D, [2020-06-13T19:08:08.395104 #6104] DEBUG -- : REQUESTING PAGE: GET / with {} and HTTP headers {}
D, [2020-06-13T19:08:08.439720 #6104] DEBUG -- : REQUESTING PAGE: GET /tipoDePartida with {} and HTTP headers {"HTTP_REFERER"=>"/"}
D, [2020-06-13T19:08:08.538384 #6104] DEBUG -- : REQUESTING PAGE: GET /escogerDificultad with {} and HTTP headers {"HTTP_REFERER"=>"/tipoDePartida"}
D, [2020-06-13T19:08:08.631468 #6104] DEBUG -- : REQUESTING PAGE: GET /ingresarCodigo with {"dificultad"=>"4"} and HTTP headers {"HTTP_REFERER"=>"/escogerDificultad"}
D, [2020-06-13T19:08:08.790086 #6104] DEBUG -- : REQUESTING PAGE: GET /iniciar with {"codigo"=>"1234"} and HTTP headers {"HTTP_REFERER"=>"/ingresarCodigo"}
D, [2020-06-13T19:08:09.088803 #6104] DEBUG -- : REQUESTING PAGE: POST /verificar  with {"intento"=>"1235"} and HTTP headers {"HTTP_REFERER"=>"/iniciar"}
D, [2020-06-13T19:09:10.898074 #8788] DEBUG -- : REQUESTING PAGE: GET / with {} and HTTP headers {}
D, [2020-06-13T19:09:11.146737 #8788] DEBUG -- : REQUESTING PAGE: GET /tipoDePartida with {} and HTTP headers {"HTTP_REFERER"=>"/"}
D, [2020-06-13T19:09:11.237091 #8788] DEBUG -- : REQUESTING PAGE: GET /escogerDificultad with {} and HTTP headers {"HTTP_REFERER"=>"/tipoDePartida"}
D, [2020-06-13T19:09:11.329467 #8788] DEBUG -- : REQUESTING PAGE: GET /ingresarCodigo with {"dificultad"=>"6"} and HTTP headers {"HTTP_REFERER"=>"/escogerDificultad"}
D, [2020-06-13T19:09:11.845520 #8788] DEBUG -- : REQUESTING PAGE: GET / with {} and HTTP headers {}
D, [2020-06-13T19:09:11.980857 #8788] DEBUG -- : REQUESTING PAGE: GET /tipoDePartida with {} and HTTP headers {"HTTP_REFERER"=>"/"}
D, [2020-06-13T19:09:12.064149 #8788] DEBUG -- : REQUESTING PAGE: GET /escogerDificultad with {} and HTTP headers {"HTTP_REFERER"=>"/tipoDePartida"}
D, [2020-06-13T19:09:12.145644 #8788] DEBUG -- : REQUESTING PAGE: GET /ingresarCodigo with {"dificultad"=>"4"} and HTTP headers {"HTTP_REFERER"=>"/escogerDificultad"}
D, [2020-06-13T19:09:12.415296 #8788] DEBUG -- : REQUESTING PAGE: GET / with {} and HTTP headers {}
D, [2020-06-13T19:09:12.510471 #8788] DEBUG -- : REQUESTING PAGE: GET /tipoDePartida with {} and HTTP headers {"HTTP_REFERER"=>"/"}
D, [2020-06-13T19:09:12.648064 #8788] DEBUG -- : REQUESTING PAGE: GET /escogerDificultad with {} and HTTP headers {"HTTP_REFERER"=>"/tipoDePartida"}
D, [2020-06-13T19:09:12.765141 #8788] DEBUG -- : REQUESTING PAGE: GET /ingresarCodigo with {"dificultad"=>"8"} and HTTP headers {"HTTP_REFERER"=>"/escogerDificultad"}
D, [2020-06-13T19:09:13.358821 #8788] DEBUG -- : REQUESTING PAGE: GET / with {} and HTTP headers {}
D, [2020-06-13T19:09:13.454177 #8788] DEBUG -- : REQUESTING PAGE: GET /tipoDePartida with {} and HTTP headers {"HTTP_REFERER"=>"/"}
D, [2020-06-13T19:09:13.590538 #8788] DEBUG -- : REQUESTING PAGE: GET /escogerDificultad with {} and HTTP headers {"HTTP_REFERER"=>"/tipoDePartida"}
D, [2020-06-13T19:09:13.680173 #8788] DEBUG -- : REQUESTING PAGE: GET /ingresarCodigo with {"dificultad"=>"4"} and HTTP headers {"HTTP_REFERER"=>"/escogerDificultad"}
D, [2020-06-13T19:09:13.908477 #8788] DEBUG -- : REQUESTING PAGE: GET /iniciar with {"codigo"=>"1234"} and HTTP headers {"HTTP_REFERER"=>"/ingresarCodigo"}
D, [2020-06-13T19:09:14.395289 #8788] DEBUG -- : REQUESTING PAGE: GET / with {} and HTTP headers {}
D, [2020-06-13T19:09:14.632412 #8788] DEBUG -- : REQUESTING PAGE: GET /tipoDePartida with {} and HTTP headers {"HTTP_REFERER"=>"/"}
D, [2020-06-13T19:09:14.927845 #8788] DEBUG -- : REQUESTING PAGE: GET /escogerDificultad with {} and HTTP headers {"HTTP_REFERER"=>"/tipoDePartida"}
D, [2020-06-13T19:09:15.091831 #8788] DEBUG -- : REQUESTING PAGE: GET /ingresarCodigo with {"dificultad"=>"4"} and HTTP headers {"HTTP_REFERER"=>"/escogerDificultad"}
D, [2020-06-13T19:09:15.458288 #8788] DEBUG -- : REQUESTING PAGE: GET /iniciar with {"codigo"=>"1234"} and HTTP headers {"HTTP_REFERER"=>"/ingresarCodigo"}
D, [2020-06-13T19:09:16.062488 #8788] DEBUG -- : REQUESTING PAGE: POST /verificar with {"intento"=>"1235"} and HTTP headers {"HTTP_REFERER"=>"/iniciar"}
D, [2020-06-13T19:11:40.967736 #9720] DEBUG -- : REQUESTING PAGE: GET / with {} and HTTP headers {}
D, [2020-06-13T19:11:41.201850 #9720] DEBUG -- : REQUESTING PAGE: GET /tipoDePartida with {} and HTTP headers {"HTTP_REFERER"=>"/"}
D, [2020-06-13T19:11:41.311486 #9720] DEBUG -- : REQUESTING PAGE: GET /escogerDificultad with {} and HTTP headers {"HTTP_REFERER"=>"/tipoDePartida"}
D, [2020-06-13T19:11:41.363997 #9720] DEBUG -- : REQUESTING PAGE: GET /ingresarCodigo with {"dificultad"=>"6"} and HTTP headers {"HTTP_REFERER"=>"/escogerDificultad"}
D, [2020-06-13T19:11:41.729107 #9720] DEBUG -- : REQUESTING PAGE: GET / with {} and HTTP headers {}
D, [2020-06-13T19:11:41.769533 #9720] DEBUG -- : REQUESTING PAGE: GET /tipoDePartida with {} and HTTP headers {"HTTP_REFERER"=>"/"}
D, [2020-06-13T19:11:41.859211 #9720] DEBUG -- : REQUESTING PAGE: GET /escogerDificultad with {} and HTTP headers {"HTTP_REFERER"=>"/tipoDePartida"}
D, [2020-06-13T19:11:41.919406 #9720] DEBUG -- : REQUESTING PAGE: GET /ingresarCodigo with {"dificultad"=>"4"} and HTTP headers {"HTTP_REFERER"=>"/escogerDificultad"}
D, [2020-06-13T19:11:42.086378 #9720] DEBUG -- : REQUESTING PAGE: GET / with {} and HTTP headers {}
D, [2020-06-13T19:11:42.161837 #9720] DEBUG -- : REQUESTING PAGE: GET /tipoDePartida with {} and HTTP headers {"HTTP_REFERER"=>"/"}
D, [2020-06-13T19:11:42.202957 #9720] DEBUG -- : REQUESTING PAGE: GET /escogerDificultad with {} and HTTP headers {"HTTP_REFERER"=>"/tipoDePartida"}
D, [2020-06-13T19:11:42.271698 #9720] DEBUG -- : REQUESTING PAGE: GET /ingresarCodigo with {"dificultad"=>"8"} and HTTP headers {"HTTP_REFERER"=>"/escogerDificultad"}
D, [2020-06-13T19:11:42.578465 #9720] DEBUG -- : REQUESTING PAGE: GET / with {} and HTTP headers {}
D, [2020-06-13T19:11:42.627521 #9720] DEBUG -- : REQUESTING PAGE: GET /tipoDePartida with {} and HTTP headers {"HTTP_REFERER"=>"/"}
D, [2020-06-13T19:11:42.695058 #9720] DEBUG -- : REQUESTING PAGE: GET /escogerDificultad with {} and HTTP headers {"HTTP_REFERER"=>"/tipoDePartida"}
D, [2020-06-13T19:11:42.809135 #9720] DEBUG -- : REQUESTING PAGE: GET /ingresarCodigo with {"dificultad"=>"4"} and HTTP headers {"HTTP_REFERER"=>"/escogerDificultad"}
D, [2020-06-13T19:11:42.912312 #9720] DEBUG -- : REQUESTING PAGE: GET /iniciar with {"codigo"=>"1234"} and HTTP headers {"HTTP_REFERER"=>"/ingresarCodigo"}
D, [2020-06-13T19:11:43.148601 #9720] DEBUG -- : REQUESTING PAGE: GET / with {} and HTTP headers {}
D, [2020-06-13T19:11:43.226025 #9720] DEBUG -- : REQUESTING PAGE: GET /tipoDePartida with {} and HTTP headers {"HTTP_REFERER"=>"/"}
D, [2020-06-13T19:11:43.263067 #9720] DEBUG -- : REQUESTING PAGE: GET /escogerDificultad with {} and HTTP headers {"HTTP_REFERER"=>"/tipoDePartida"}
D, [2020-06-13T19:11:43.441354 #9720] DEBUG -- : REQUESTING PAGE: GET /ingresarCodigo with {"dificultad"=>"4"} and HTTP headers {"HTTP_REFERER"=>"/escogerDificultad"}
D, [2020-06-13T19:11:43.614944 #9720] DEBUG -- : REQUESTING PAGE: GET /iniciar with {"codigo"=>"1234"} and HTTP headers {"HTTP_REFERER"=>"/ingresarCodigo"}
D, [2020-06-13T19:11:43.748609 #9720] DEBUG -- : REQUESTING PAGE: POST /verificar with {"intento"=>"1235"} and HTTP headers {"HTTP_REFERER"=>"/iniciar"}
D, [2020-06-13T19:12:07.436382 #7352] DEBUG -- : REQUESTING PAGE: GET / with {} and HTTP headers {}
D, [2020-06-13T19:12:07.680618 #7352] DEBUG -- : REQUESTING PAGE: GET /tipoDePartida with {} and HTTP headers {"HTTP_REFERER"=>"/"}
D, [2020-06-13T19:12:07.770741 #7352] DEBUG -- : REQUESTING PAGE: GET /escogerDificultad with {} and HTTP headers {"HTTP_REFERER"=>"/tipoDePartida"}
D, [2020-06-13T19:12:07.823817 #7352] DEBUG -- : REQUESTING PAGE: GET /ingresarCodigo with {"dificultad"=>"6"} and HTTP headers {"HTTP_REFERER"=>"/escogerDificultad"}
D, [2020-06-13T19:12:08.132245 #7352] DEBUG -- : REQUESTING PAGE: GET / with {} and HTTP headers {}
D, [2020-06-13T19:12:08.184294 #7352] DEBUG -- : REQUESTING PAGE: GET /tipoDePartida with {} and HTTP headers {"HTTP_REFERER"=>"/"}
D, [2020-06-13T19:12:08.266076 #7352] DEBUG -- : REQUESTING PAGE: GET /escogerDificultad with {} and HTTP headers {"HTTP_REFERER"=>"/tipoDePartida"}
D, [2020-06-13T19:12:08.334568 #7352] DEBUG -- : REQUESTING PAGE: GET /ingresarCodigo with {"dificultad"=>"4"} and HTTP headers {"HTTP_REFERER"=>"/escogerDificultad"}
D, [2020-06-13T19:12:08.504440 #7352] DEBUG -- : REQUESTING PAGE: GET / with {} and HTTP headers {}
D, [2020-06-13T19:12:08.571370 #7352] DEBUG -- : REQUESTING PAGE: GET /tipoDePartida with {} and HTTP headers {"HTTP_REFERER"=>"/"}
D, [2020-06-13T19:12:08.643618 #7352] DEBUG -- : REQUESTING PAGE: GET /escogerDificultad with {} and HTTP headers {"HTTP_REFERER"=>"/tipoDePartida"}
D, [2020-06-13T19:12:08.704106 #7352] DEBUG -- : REQUESTING PAGE: GET /ingresarCodigo with {"dificultad"=>"8"} and HTTP headers {"HTTP_REFERER"=>"/escogerDificultad"}
D, [2020-06-13T19:12:08.966630 #7352] DEBUG -- : REQUESTING PAGE: GET / with {} and HTTP headers {}
D, [2020-06-13T19:12:09.017432 #7352] DEBUG -- : REQUESTING PAGE: GET /tipoDePartida with {} and HTTP headers {"HTTP_REFERER"=>"/"}
D, [2020-06-13T19:12:09.070385 #7352] DEBUG -- : REQUESTING PAGE: GET /escogerDificultad with {} and HTTP headers {"HTTP_REFERER"=>"/tipoDePartida"}
D, [2020-06-13T19:12:09.136778 #7352] DEBUG -- : REQUESTING PAGE: GET /ingresarCodigo with {"dificultad"=>"4"} and HTTP headers {"HTTP_REFERER"=>"/escogerDificultad"}
D, [2020-06-13T19:12:09.266871 #7352] DEBUG -- : REQUESTING PAGE: GET /iniciar with {"codigo"=>"1234"} and HTTP headers {"HTTP_REFERER"=>"/ingresarCodigo"}
D, [2020-06-13T19:12:09.557537 #7352] DEBUG -- : REQUESTING PAGE: GET / with {} and HTTP headers {}
D, [2020-06-13T19:12:09.588824 #7352] DEBUG -- : REQUESTING PAGE: GET /tipoDePartida with {} and HTTP headers {"HTTP_REFERER"=>"/"}
D, [2020-06-13T19:12:09.652099 #7352] DEBUG -- : REQUESTING PAGE: GET /escogerDificultad with {} and HTTP headers {"HTTP_REFERER"=>"/tipoDePartida"}
D, [2020-06-13T19:12:09.687728 #7352] DEBUG -- : REQUESTING PAGE: GET /ingresarCodigo with {"dificultad"=>"4"} and HTTP headers {"HTTP_REFERER"=>"/escogerDificultad"}
D, [2020-06-13T19:12:09.820433 #7352] DEBUG -- : REQUESTING PAGE: GET /iniciar with {"codigo"=>"1234"} and HTTP headers {"HTTP_REFERER"=>"/ingresarCodigo"}
D, [2020-06-13T19:12:09.926822 #7352] DEBUG -- : REQUESTING PAGE: POST /verificar with {"intento"=>"1235"} and HTTP headers {"HTTP_REFERER"=>"/iniciar"}
D, [2020-06-13T19:16:27.091941 #9756] DEBUG -- : REQUESTING PAGE: GET / with {} and HTTP headers {}
D, [2020-06-13T19:16:27.289024 #9756] DEBUG -- : REQUESTING PAGE: GET /tipoDePartida with {} and HTTP headers {"HTTP_REFERER"=>"/"}
D, [2020-06-13T19:16:27.327867 #9756] DEBUG -- : REQUESTING PAGE: GET /escogerDificultad with {} and HTTP headers {"HTTP_REFERER"=>"/tipoDePartida"}
D, [2020-06-13T19:16:27.392913 #9756] DEBUG -- : REQUESTING PAGE: GET /ingresarCodigo with {"dificultad"=>"6"} and HTTP headers {"HTTP_REFERER"=>"/escogerDificultad"}
D, [2020-06-13T19:16:27.555212 #9756] DEBUG -- : REQUESTING PAGE: GET / with {} and HTTP headers {}
D, [2020-06-13T19:16:27.585848 #9756] DEBUG -- : REQUESTING PAGE: GET /tipoDePartida with {} and HTTP headers {"HTTP_REFERER"=>"/"}
D, [2020-06-13T19:16:27.634909 #9756] DEBUG -- : REQUESTING PAGE: GET /escogerDificultad with {} and HTTP headers {"HTTP_REFERER"=>"/tipoDePartida"}
D, [2020-06-13T19:16:27.678594 #9756] DEBUG -- : REQUESTING PAGE: GET /ingresarCodigo with {"dificultad"=>"4"} and HTTP headers {"HTTP_REFERER"=>"/escogerDificultad"}
D, [2020-06-13T19:16:27.766551 #9756] DEBUG -- : REQUESTING PAGE: GET / with {} and HTTP headers {}
D, [2020-06-13T19:16:27.829696 #9756] DEBUG -- : REQUESTING PAGE: GET /tipoDePartida with {} and HTTP headers {"HTTP_REFERER"=>"/"}
D, [2020-06-13T19:16:27.880037 #9756] DEBUG -- : REQUESTING PAGE: GET /escogerDificultad with {} and HTTP headers {"HTTP_REFERER"=>"/tipoDePartida"}
D, [2020-06-13T19:16:27.987652 #9756] DEBUG -- : REQUESTING PAGE: GET /ingresarCodigo with {"dificultad"=>"8"} and HTTP headers {"HTTP_REFERER"=>"/escogerDificultad"}
D, [2020-06-13T19:16:28.220847 #9756] DEBUG -- : REQUESTING PAGE: GET / with {} and HTTP headers {}
D, [2020-06-13T19:16:28.296985 #9756] DEBUG -- : REQUESTING PAGE: GET /tipoDePartida with {} and HTTP headers {"HTTP_REFERER"=>"/"}
D, [2020-06-13T19:16:28.343303 #9756] DEBUG -- : REQUESTING PAGE: GET /escogerDificultad with {} and HTTP headers {"HTTP_REFERER"=>"/tipoDePartida"}
D, [2020-06-13T19:16:28.399260 #9756] DEBUG -- : REQUESTING PAGE: GET /ingresarCodigo with {"dificultad"=>"4"} and HTTP headers {"HTTP_REFERER"=>"/escogerDificultad"}
D, [2020-06-13T19:16:28.490075 #9756] DEBUG -- : REQUESTING PAGE: GET /iniciar with {} and HTTP headers {"HTTP_REFERER"=>"/ingresarCodigo"}
D, [2020-06-13T19:21:21.814881 #9420] DEBUG -- : REQUESTING PAGE: GET / with {} and HTTP headers {}
D, [2020-06-13T19:21:22.131051 #9420] DEBUG -- : REQUESTING PAGE: GET /tipoDePartida with {} and HTTP headers {"HTTP_REFERER"=>"/"}
D, [2020-06-13T19:21:22.321732 #9420] DEBUG -- : REQUESTING PAGE: GET /escogerDificultad with {} and HTTP headers {"HTTP_REFERER"=>"/tipoDePartida"}
D, [2020-06-13T19:21:22.434091 #9420] DEBUG -- : REQUESTING PAGE: GET /ingresarCodigo with {"dificultad"=>"6"} and HTTP headers {"HTTP_REFERER"=>"/escogerDificultad"}
D, [2020-06-13T19:21:23.193817 #9420] DEBUG -- : REQUESTING PAGE: GET / with {} and HTTP headers {}
D, [2020-06-13T19:21:23.315790 #9420] DEBUG -- : REQUESTING PAGE: GET /tipoDePartida with {} and HTTP headers {"HTTP_REFERER"=>"/"}
D, [2020-06-13T19:21:23.412310 #9420] DEBUG -- : REQUESTING PAGE: GET /escogerDificultad with {} and HTTP headers {"HTTP_REFERER"=>"/tipoDePartida"}
D, [2020-06-13T19:21:23.498902 #9420] DEBUG -- : REQUESTING PAGE: GET /ingresarCodigo with {"dificultad"=>"4"} and HTTP headers {"HTTP_REFERER"=>"/escogerDificultad"}
D, [2020-06-13T19:21:23.814669 #9420] DEBUG -- : REQUESTING PAGE: GET / with {} and HTTP headers {}
D, [2020-06-13T19:21:23.976184 #9420] DEBUG -- : REQUESTING PAGE: GET /tipoDePartida with {} and HTTP headers {"HTTP_REFERER"=>"/"}
D, [2020-06-13T19:21:24.064510 #9420] DEBUG -- : REQUESTING PAGE: GET /escogerDificultad with {} and HTTP headers {"HTTP_REFERER"=>"/tipoDePartida"}
D, [2020-06-13T19:21:24.166340 #9420] DEBUG -- : REQUESTING PAGE: GET /ingresarCodigo with {"dificultad"=>"8"} and HTTP headers {"HTTP_REFERER"=>"/escogerDificultad"}
D, [2020-06-13T19:21:24.699179 #9420] DEBUG -- : REQUESTING PAGE: GET / with {} and HTTP headers {}
D, [2020-06-13T19:21:24.808678 #9420] DEBUG -- : REQUESTING PAGE: GET /tipoDePartida with {} and HTTP headers {"HTTP_REFERER"=>"/"}
D, [2020-06-13T19:21:24.917296 #9420] DEBUG -- : REQUESTING PAGE: GET /escogerDificultad with {} and HTTP headers {"HTTP_REFERER"=>"/tipoDePartida"}
D, [2020-06-13T19:21:24.984698 #9420] DEBUG -- : REQUESTING PAGE: GET /ingresarCodigo with {"dificultad"=>"4"} and HTTP headers {"HTTP_REFERER"=>"/escogerDificultad"}
D, [2020-06-13T19:21:25.126544 #9420] DEBUG -- : REQUESTING PAGE: GET /iniciar with {} and HTTP headers {"HTTP_REFERER"=>"/ingresarCodigo"}
D, [2020-06-13T19:24:28.492083 #14140] DEBUG -- : REQUESTING PAGE: GET / with {} and HTTP headers {}
D, [2020-06-13T19:24:28.753700 #14140] DEBUG -- : REQUESTING PAGE: GET /tipoDePartida with {} and HTTP headers {"HTTP_REFERER"=>"/"}
D, [2020-06-13T19:24:28.814069 #14140] DEBUG -- : REQUESTING PAGE: GET /escogerDificultad with {} and HTTP headers {"HTTP_REFERER"=>"/tipoDePartida"}
D, [2020-06-13T19:24:28.877651 #14140] DEBUG -- : REQUESTING PAGE: GET /ingresarCodigo with {"dificultad"=>"6"} and HTTP headers {"HTTP_REFERER"=>"/escogerDificultad"}
D, [2020-06-13T19:24:29.157939 #14140] DEBUG -- : REQUESTING PAGE: GET / with {} and HTTP headers {}
D, [2020-06-13T19:24:29.230027 #14140] DEBUG -- : REQUESTING PAGE: GET /tipoDePartida with {} and HTTP headers {"HTTP_REFERER"=>"/"}
D, [2020-06-13T19:24:29.324621 #14140] DEBUG -- : REQUESTING PAGE: GET /escogerDificultad with {} and HTTP headers {"HTTP_REFERER"=>"/tipoDePartida"}
D, [2020-06-13T19:24:29.379211 #14140] DEBUG -- : REQUESTING PAGE: GET /ingresarCodigo with {"dificultad"=>"4"} and HTTP headers {"HTTP_REFERER"=>"/escogerDificultad"}
D, [2020-06-13T19:24:29.616656 #14140] DEBUG -- : REQUESTING PAGE: GET / with {} and HTTP headers {}
D, [2020-06-13T19:24:29.695521 #14140] DEBUG -- : REQUESTING PAGE: GET /tipoDePartida with {} and HTTP headers {"HTTP_REFERER"=>"/"}
D, [2020-06-13T19:24:29.862128 #14140] DEBUG -- : REQUESTING PAGE: GET /escogerDificultad with {} and HTTP headers {"HTTP_REFERER"=>"/tipoDePartida"}
D, [2020-06-13T19:24:29.957740 #14140] DEBUG -- : REQUESTING PAGE: GET /ingresarCodigo with {"dificultad"=>"8"} and HTTP headers {"HTTP_REFERER"=>"/escogerDificultad"}
D, [2020-06-13T19:24:30.374259 #14140] DEBUG -- : REQUESTING PAGE: GET / with {} and HTTP headers {}
D, [2020-06-13T19:24:30.484177 #14140] DEBUG -- : REQUESTING PAGE: GET /tipoDePartida with {} and HTTP headers {"HTTP_REFERER"=>"/"}
D, [2020-06-13T19:24:30.526436 #14140] DEBUG -- : REQUESTING PAGE: GET /escogerDificultad with {} and HTTP headers {"HTTP_REFERER"=>"/tipoDePartida"}
D, [2020-06-13T19:24:30.611036 #14140] DEBUG -- : REQUESTING PAGE: GET /ingresarCodigo with {"dificultad"=>"4"} and HTTP headers {"HTTP_REFERER"=>"/escogerDificultad"}
D, [2020-06-13T19:24:30.772205 #14140] DEBUG -- : REQUESTING PAGE: GET /iniciar with {} and HTTP headers {"HTTP_REFERER"=>"/ingresarCodigo"}
D, [2020-06-13T19:26:30.446237 #7624] DEBUG -- : REQUESTING PAGE: GET / with {} and HTTP headers {}
D, [2020-06-13T19:26:30.688908 #7624] DEBUG -- : REQUESTING PAGE: GET /tipoDePartida with {} and HTTP headers {"HTTP_REFERER"=>"/"}
D, [2020-06-13T19:26:30.763563 #7624] DEBUG -- : REQUESTING PAGE: GET /escogerDificultad with {} and HTTP headers {"HTTP_REFERER"=>"/tipoDePartida"}
D, [2020-06-13T19:26:30.812662 #7624] DEBUG -- : REQUESTING PAGE: GET /ingresarCodigo with {"dificultad"=>"6"} and HTTP headers {"HTTP_REFERER"=>"/escogerDificultad"}
D, [2020-06-13T19:26:31.097366 #7624] DEBUG -- : REQUESTING PAGE: GET / with {} and HTTP headers {}
D, [2020-06-13T19:26:31.287350 #7624] DEBUG -- : REQUESTING PAGE: GET /tipoDePartida with {} and HTTP headers {"HTTP_REFERER"=>"/"}
D, [2020-06-13T19:26:31.399214 #7624] DEBUG -- : REQUESTING PAGE: GET /escogerDificultad with {} and HTTP headers {"HTTP_REFERER"=>"/tipoDePartida"}
D, [2020-06-13T19:26:31.458163 #7624] DEBUG -- : REQUESTING PAGE: GET /ingresarCodigo with {"dificultad"=>"4"} and HTTP headers {"HTTP_REFERER"=>"/escogerDificultad"}
D, [2020-06-13T19:26:31.781341 #7624] DEBUG -- : REQUESTING PAGE: GET / with {} and HTTP headers {}
D, [2020-06-13T19:26:31.827330 #7624] DEBUG -- : REQUESTING PAGE: GET /tipoDePartida with {} and HTTP headers {"HTTP_REFERER"=>"/"}
D, [2020-06-13T19:26:31.922143 #7624] DEBUG -- : REQUESTING PAGE: GET /escogerDificultad with {} and HTTP headers {"HTTP_REFERER"=>"/tipoDePartida"}
D, [2020-06-13T19:26:31.971349 #7624] DEBUG -- : REQUESTING PAGE: GET /ingresarCodigo with {"dificultad"=>"8"} and HTTP headers {"HTTP_REFERER"=>"/escogerDificultad"}
D, [2020-06-13T19:26:32.455400 #7624] DEBUG -- : REQUESTING PAGE: GET / with {} and HTTP headers {}
D, [2020-06-13T19:26:32.552458 #7624] DEBUG -- : REQUESTING PAGE: GET /tipoDePartida with {} and HTTP headers {"HTTP_REFERER"=>"/"}
D, [2020-06-13T19:26:32.605956 #7624] DEBUG -- : REQUESTING PAGE: GET /escogerDificultad with {} and HTTP headers {"HTTP_REFERER"=>"/tipoDePartida"}
D, [2020-06-13T19:26:32.704477 #7624] DEBUG -- : REQUESTING PAGE: GET /ingresarCodigo with {"dificultad"=>"4"} and HTTP headers {"HTTP_REFERER"=>"/escogerDificultad"}
D, [2020-06-13T19:26:33.105260 #7624] DEBUG -- : REQUESTING PAGE: GET / with {} and HTTP headers {}
D, [2020-06-13T19:26:33.169826 #7624] DEBUG -- : REQUESTING PAGE: GET /tipoDePartida with {} and HTTP headers {"HTTP_REFERER"=>"/"}
D, [2020-06-13T19:26:33.210891 #7624] DEBUG -- : REQUESTING PAGE: GET /escogerDificultad with {} and HTTP headers {"HTTP_REFERER"=>"/tipoDePartida"}
D, [2020-06-13T19:26:33.248746 #7624] DEBUG -- : REQUESTING PAGE: GET /ingresarCodigo with {"dificultad"=>"4"} and HTTP headers {"HTTP_REFERER"=>"/escogerDificultad"}
D, [2020-06-13T19:26:33.467492 #7624] DEBUG -- : REQUESTING PAGE: GET /iniciar with {"codigo"=>"1234"} and HTTP headers {"HTTP_REFERER"=>"/ingresarCodigo"}
D, [2020-06-13T19:26:33.836430 #7624] DEBUG -- : REQUESTING PAGE: POST /verificar with {"intento"=>"1235"} and HTTP headers {"HTTP_REFERER"=>"/iniciar"}
D, [2020-06-13T19:27:19.038421 #8448] DEBUG -- : REQUESTING PAGE: GET / with {} and HTTP headers {}
D, [2020-06-13T19:27:19.271835 #8448] DEBUG -- : REQUESTING PAGE: GET /tipoDePartida with {} and HTTP headers {"HTTP_REFERER"=>"/"}
D, [2020-06-13T19:27:19.322672 #8448] DEBUG -- : REQUESTING PAGE: GET /escogerDificultad with {} and HTTP headers {"HTTP_REFERER"=>"/tipoDePartida"}
D, [2020-06-13T19:27:19.373219 #8448] DEBUG -- : REQUESTING PAGE: GET /ingresarCodigo with {"dificultad"=>"6"} and HTTP headers {"HTTP_REFERER"=>"/escogerDificultad"}
D, [2020-06-13T19:27:19.703344 #8448] DEBUG -- : REQUESTING PAGE: GET / with {} and HTTP headers {}
D, [2020-06-13T19:27:19.797300 #8448] DEBUG -- : REQUESTING PAGE: GET /tipoDePartida with {} and HTTP headers {"HTTP_REFERER"=>"/"}
D, [2020-06-13T19:27:19.842808 #8448] DEBUG -- : REQUESTING PAGE: GET /escogerDificultad with {} and HTTP headers {"HTTP_REFERER"=>"/tipoDePartida"}
D, [2020-06-13T19:27:19.905347 #8448] DEBUG -- : REQUESTING PAGE: GET /ingresarCodigo with {"dificultad"=>"4"} and HTTP headers {"HTTP_REFERER"=>"/escogerDificultad"}
D, [2020-06-13T19:27:20.101232 #8448] DEBUG -- : REQUESTING PAGE: GET / with {} and HTTP headers {}
D, [2020-06-13T19:27:20.191950 #8448] DEBUG -- : REQUESTING PAGE: GET /tipoDePartida with {} and HTTP headers {"HTTP_REFERER"=>"/"}
D, [2020-06-13T19:27:20.240288 #8448] DEBUG -- : REQUESTING PAGE: GET /escogerDificultad with {} and HTTP headers {"HTTP_REFERER"=>"/tipoDePartida"}
D, [2020-06-13T19:27:20.372743 #8448] DEBUG -- : REQUESTING PAGE: GET /ingresarCodigo with {"dificultad"=>"8"} and HTTP headers {"HTTP_REFERER"=>"/escogerDificultad"}
D, [2020-06-13T19:27:20.707385 #8448] DEBUG -- : REQUESTING PAGE: GET / with {} and HTTP headers {}
D, [2020-06-13T19:27:20.762470 #8448] DEBUG -- : REQUESTING PAGE: GET /tipoDePartida with {} and HTTP headers {"HTTP_REFERER"=>"/"}
D, [2020-06-13T19:27:20.850572 #8448] DEBUG -- : REQUESTING PAGE: GET /escogerDificultad with {} and HTTP headers {"HTTP_REFERER"=>"/tipoDePartida"}
D, [2020-06-13T19:27:20.905379 #8448] DEBUG -- : REQUESTING PAGE: GET /ingresarCodigo with {"dificultad"=>"4"} and HTTP headers {"HTTP_REFERER"=>"/escogerDificultad"}
D, [2020-06-13T19:27:23.354802 #8448] DEBUG -- : REQUESTING PAGE: GET / with {} and HTTP headers {}
D, [2020-06-13T19:27:23.515369 #8448] DEBUG -- : REQUESTING PAGE: GET /tipoDePartida with {} and HTTP headers {"HTTP_REFERER"=>"/"}
D, [2020-06-13T19:27:23.649186 #8448] DEBUG -- : REQUESTING PAGE: GET /escogerDificultad with {} and HTTP headers {"HTTP_REFERER"=>"/tipoDePartida"}
D, [2020-06-13T19:27:23.739359 #8448] DEBUG -- : REQUESTING PAGE: GET /ingresarCodigo with {"dificultad"=>"4"} and HTTP headers {"HTTP_REFERER"=>"/escogerDificultad"}
D, [2020-06-13T19:27:23.965922 #8448] DEBUG -- : REQUESTING PAGE: GET /iniciar with {"codigo"=>"1234"} and HTTP headers {"HTTP_REFERER"=>"/ingresarCodigo"}
D, [2020-06-13T19:27:24.244947 #8448] DEBUG -- : REQUESTING PAGE: POST /verificar with {"intento"=>"1235"} and HTTP headers {"HTTP_REFERER"=>"/iniciar"}
D, [2020-06-13T19:29:30.406231 #9208] DEBUG -- : REQUESTING PAGE: GET / with {} and HTTP headers {}
D, [2020-06-13T19:29:30.626002 #9208] DEBUG -- : REQUESTING PAGE: GET /tipoDePartida with {} and HTTP headers {"HTTP_REFERER"=>"/"}
D, [2020-06-13T19:29:30.675367 #9208] DEBUG -- : REQUESTING PAGE: GET /escogerDificultad with {} and HTTP headers {"HTTP_REFERER"=>"/tipoDePartida"}
D, [2020-06-13T19:29:30.728664 #9208] DEBUG -- : REQUESTING PAGE: GET /ingresarCodigo with {"dificultad"=>"6"} and HTTP headers {"HTTP_REFERER"=>"/escogerDificultad"}
D, [2020-06-13T19:29:31.045665 #9208] DEBUG -- : REQUESTING PAGE: GET / with {} and HTTP headers {}
D, [2020-06-13T19:29:31.140923 #9208] DEBUG -- : REQUESTING PAGE: GET /tipoDePartida with {} and HTTP headers {"HTTP_REFERER"=>"/"}
D, [2020-06-13T19:29:31.195584 #9208] DEBUG -- : REQUESTING PAGE: GET /escogerDificultad with {} and HTTP headers {"HTTP_REFERER"=>"/tipoDePartida"}
D, [2020-06-13T19:29:31.242633 #9208] DEBUG -- : REQUESTING PAGE: GET /ingresarCodigo with {"dificultad"=>"4"} and HTTP headers {"HTTP_REFERER"=>"/escogerDificultad"}
D, [2020-06-13T19:29:31.390218 #9208] DEBUG -- : REQUESTING PAGE: GET / with {} and HTTP headers {}
D, [2020-06-13T19:29:31.491983 #9208] DEBUG -- : REQUESTING PAGE: GET /tipoDePartida with {} and HTTP headers {"HTTP_REFERER"=>"/"}
D, [2020-06-13T19:29:31.540089 #9208] DEBUG -- : REQUESTING PAGE: GET /escogerDificultad with {} and HTTP headers {"HTTP_REFERER"=>"/tipoDePartida"}
D, [2020-06-13T19:29:31.634799 #9208] DEBUG -- : REQUESTING PAGE: GET /ingresarCodigo with {"dificultad"=>"8"} and HTTP headers {"HTTP_REFERER"=>"/escogerDificultad"}
D, [2020-06-13T19:29:31.956649 #9208] DEBUG -- : REQUESTING PAGE: GET / with {} and HTTP headers {}
D, [2020-06-13T19:29:32.009315 #9208] DEBUG -- : REQUESTING PAGE: GET /tipoDePartida with {} and HTTP headers {"HTTP_REFERER"=>"/"}
D, [2020-06-13T19:29:32.125212 #9208] DEBUG -- : REQUESTING PAGE: GET /escogerDificultad with {} and HTTP headers {"HTTP_REFERER"=>"/tipoDePartida"}
D, [2020-06-13T19:29:32.174624 #9208] DEBUG -- : REQUESTING PAGE: GET /ingresarCodigo with {"dificultad"=>"4"} and HTTP headers {"HTTP_REFERER"=>"/escogerDificultad"}
D, [2020-06-13T19:29:32.291171 #9208] DEBUG -- : REQUESTING PAGE: GET /iniciar with {"codigo"=>"1234"} and HTTP headers {"HTTP_REFERER"=>"/ingresarCodigo"}
D, [2020-06-13T19:29:32.659834 #9208] DEBUG -- : REQUESTING PAGE: GET / with {} and HTTP headers {}
D, [2020-06-13T19:29:32.766940 #9208] DEBUG -- : REQUESTING PAGE: GET /tipoDePartida with {} and HTTP headers {"HTTP_REFERER"=>"/"}
D, [2020-06-13T19:29:32.808145 #9208] DEBUG -- : REQUESTING PAGE: GET /escogerDificultad with {} and HTTP headers {"HTTP_REFERER"=>"/tipoDePartida"}
D, [2020-06-13T19:29:32.884283 #9208] DEBUG -- : REQUESTING PAGE: GET /ingresarCodigo with {"dificultad"=>"4"} and HTTP headers {"HTTP_REFERER"=>"/escogerDificultad"}
D, [2020-06-13T19:29:33.068966 #9208] DEBUG -- : REQUESTING PAGE: GET /iniciar with {"codigo"=>"1234"} and HTTP headers {"HTTP_REFERER"=>"/ingresarCodigo"}
D, [2020-06-13T19:29:33.265595 #9208] DEBUG -- : REQUESTING PAGE: POST /verificar with {"intento"=>"1235"} and HTTP headers {"HTTP_REFERER"=>"/iniciar"}
D, [2020-06-13T19:32:35.858188 #8964] DEBUG -- : REQUESTING PAGE: GET / with {} and HTTP headers {}
D, [2020-06-13T19:32:36.096325 #8964] DEBUG -- : REQUESTING PAGE: GET /tipoDePartida with {} and HTTP headers {"HTTP_REFERER"=>"/"}
D, [2020-06-13T19:32:36.154961 #8964] DEBUG -- : REQUESTING PAGE: GET /escogerDificultad with {} and HTTP headers {"HTTP_REFERER"=>"/tipoDePartida"}
D, [2020-06-13T19:32:36.258227 #8964] DEBUG -- : REQUESTING PAGE: GET /ingresarCodigo with {"dificultad"=>"6"} and HTTP headers {"HTTP_REFERER"=>"/escogerDificultad"}
D, [2020-06-13T19:32:36.623070 #8964] DEBUG -- : REQUESTING PAGE: GET / with {} and HTTP headers {}
D, [2020-06-13T19:32:36.685447 #8964] DEBUG -- : REQUESTING PAGE: GET /tipoDePartida with {} and HTTP headers {"HTTP_REFERER"=>"/"}
D, [2020-06-13T19:32:36.737672 #8964] DEBUG -- : REQUESTING PAGE: GET /escogerDificultad with {} and HTTP headers {"HTTP_REFERER"=>"/tipoDePartida"}
D, [2020-06-13T19:32:36.791922 #8964] DEBUG -- : REQUESTING PAGE: GET /ingresarCodigo with {"dificultad"=>"4"} and HTTP headers {"HTTP_REFERER"=>"/escogerDificultad"}
D, [2020-06-13T19:32:36.992311 #8964] DEBUG -- : REQUESTING PAGE: GET / with {} and HTTP headers {}
D, [2020-06-13T19:32:37.070646 #8964] DEBUG -- : REQUESTING PAGE: GET /tipoDePartida with {} and HTTP headers {"HTTP_REFERER"=>"/"}
D, [2020-06-13T19:32:37.178367 #8964] DEBUG -- : REQUESTING PAGE: GET /escogerDificultad with {} and HTTP headers {"HTTP_REFERER"=>"/tipoDePartida"}
D, [2020-06-13T19:32:37.255621 #8964] DEBUG -- : REQUESTING PAGE: GET /ingresarCodigo with {"dificultad"=>"8"} and HTTP headers {"HTTP_REFERER"=>"/escogerDificultad"}
D, [2020-06-13T19:32:37.624260 #8964] DEBUG -- : REQUESTING PAGE: GET / with {} and HTTP headers {}
D, [2020-06-13T19:32:37.685930 #8964] DEBUG -- : REQUESTING PAGE: GET /tipoDePartida with {} and HTTP headers {"HTTP_REFERER"=>"/"}
D, [2020-06-13T19:32:37.809973 #8964] DEBUG -- : REQUESTING PAGE: GET /escogerDificultad with {} and HTTP headers {"HTTP_REFERER"=>"/tipoDePartida"}
D, [2020-06-13T19:32:37.861282 #8964] DEBUG -- : REQUESTING PAGE: GET /ingresarCodigo with {"dificultad"=>"4"} and HTTP headers {"HTTP_REFERER"=>"/escogerDificultad"}
D, [2020-06-13T19:32:38.004591 #8964] DEBUG -- : REQUESTING PAGE: GET /iniciar with {"codigo"=>"1234"} and HTTP headers {"HTTP_REFERER"=>"/ingresarCodigo"}
D, [2020-06-13T19:32:38.486547 #8964] DEBUG -- : REQUESTING PAGE: GET / with {} and HTTP headers {}
D, [2020-06-13T19:32:38.538810 #8964] DEBUG -- : REQUESTING PAGE: GET /tipoDePartida with {} and HTTP headers {"HTTP_REFERER"=>"/"}
D, [2020-06-13T19:32:38.633587 #8964] DEBUG -- : REQUESTING PAGE: GET /escogerDificultad with {} and HTTP headers {"HTTP_REFERER"=>"/tipoDePartida"}
D, [2020-06-13T19:32:38.737658 #8964] DEBUG -- : REQUESTING PAGE: GET /ingresarCodigo with {"dificultad"=>"4"} and HTTP headers {"HTTP_REFERER"=>"/escogerDificultad"}
D, [2020-06-13T19:32:38.886669 #8964] DEBUG -- : REQUESTING PAGE: GET /iniciar with {"codigo"=>"1234"} and HTTP headers {"HTTP_REFERER"=>"/ingresarCodigo"}
D, [2020-06-13T19:32:39.450265 #8964] DEBUG -- : REQUESTING PAGE: POST /verificar with {"intento"=>"1235"} and HTTP headers {"HTTP_REFERER"=>"/iniciar"}
